3,8,7,39,48
3,17,39,41,286
3,6,48,117,208
5,6,39,41,48,89,103
5,4,39,41,48,89,101
4,14,38,39,48,56
4,14,38,39,48,55
4,5,38,39,48,53
4,5,38,39,48,51
3,13,41,48,186
3,30,41,48,185
3,6,41,48,184
3,20,41,48,189
3,4,38,39,504
4,5,41,48,65,117
4,5,41,48,65,110
4,4,37,38,48,147
4,4,31,32,38,39
3,5,39,48,1578
5,17,32,39,41,48,79
5,9,32,39,41,48,78
5,5,32,39,41,48,75
5,7,32,39,41,48,76
3,7,48,255,310
3,13,32,39,65
3,5,32,39,66
3,13,32,39,60
3,5,32,39,237
4,4,39,48,101,255
3,6,48,170,438
4,5,39,41,48,420
3,4,32,38,156
3,7,38,48,105
3,4,38,48,103
3,4,38,48,101
4,6,32,39,48,151
4,49,9,39,41,48
3,11,36,39,41
4,12,38,39,48,371
4,4,38,39,48,370
4,4,27,38,39,41
4,4,39,41,48,348
3,5,39,48,98
3,12,39,48,95
3,20,39,48,94
3,6,39,48,93
3,7,39,48,92
3,5,39,48,91
3,8,48,170,237
3,10,39,48,846
3,4,38,39,840
4,22,39,41,48,175
3,14,39,48,264
3,14,39,48,267
3,9,39,48,261
3,17,39,48,260
3,5,39,48,262
3,13,39,48,269
5,6,39,41,48,107,136
3,4,39,42,45
3,4,48,79,110
3,10,5,32,39
3,5,39,48,824
4,5,39,41,48,213
3,4,39,41,195
3,4,39,41,198
3,4,32,48,94
4,7,39,41,48,249
4,8,39,41,48,242
4,11,39,41,48,246
3,6,41,48,345
3,4,41,48,341
3,9,41,48,340
3,4,41,48,348
4,39,39,41,48,49
3,9,39,48,413
3,6,39,48,414
4,5,32,39,48,438
4,5,41,48,65,255
3,5,48,110,164
4,10,39,48,65,78
3,4,48,65,136
3,5,41,48,464
5,5,30,38,39,41,48
4,12,32,41,48,65
3,5,39,41,340
3,4,39,41,1529
3,4,225,234,237
3,6,41,48,248
3,10,41,48,249
3,16,41,48,246
3,4,41,48,247
3,11,41,48,242
3,4,41,48,243
6,4,38,39,41,48,89,117
3,4,39,41,85
3,5,48,60,225
5,4,36,38,39,41,225
5,4,32,38,41,48,65
4,10,32,39,48,310
3,4,22,32,41
5,4,32,38,39,41,56
3,5,48,170,310
5,4,9,32,38,39,41
5,4,39,41,48,225,271
5,5,39,41,48,225,270
3,16,39,41,78
3,56,39,41,79
3,22,39,41,76
3,5,39,41,75
3,4,48,79,475
3,7,3319,3320,3321
5,5,48,164,165,166,167
6,4,38,39,41,48,76,170
3,6,39,48,769
3,15,32,38,110
4,5,3303,3304,3305,3306
4,9,32,39,48,117
6,4,37,38,39,41,42,44
5,9,32,39,41,48,179
4,12,39,41,48,301
5,4,39,41,47,48,65
3,26,39,48,103
3,16,18,38,39
4,4,41,48,79,270
3,4,38,41,101
7,4,32,38,39,41,48,110,170
3,14,39,48,229
3,4,39,48,228
3,11,39,48,220
3,7,39,48,222
3,49,39,48,225
3,151,38,41,48
3,10,38,41,47
3,5,1301,1302,1303
3,4,5,38,39
3,47,23,39,41
3,26,23,39,48
3,5,39,170,175
3,5,32,38,47
4,8,39,41,48,204
4,23,39,41,48,201
4,6,39,41,48,200
4,4,39,41,48,203
4,14,39,41,48,208
5,6,32,36,38,41,48
4,5,18,32,36,38
3,6,39,48,426
3,4,39,48,425
3,15,41,48,301
3,13,38,47,48
5,44,38,39,41,48,89
3,4,39,48,363
3,9,39,48,365
3,6,48,65,161
3,8,41,48,96
3,28,41,48,94
3,6,41,48,92
3,6,41,48,93
3,4,41,48,91
3,5,41,48,98
3,4,41,48,99
3,5,48,79,270
3,6,41,110,170
3,4,32,48,352
3,8,683,684,698
3,29,31,39,48
3,36,31,39,41
4,7,23,38,39,41
3,10,48,65,170
3,4,48,65,179
5,6,32,38,39,48,65
4,6,39,41,48,108
4,39,39,41,48,107
4,7,39,41,48,104
4,21,39,41,48,105
4,4,39,41,48,102
4,30,39,41,48,103
4,58,39,41,48,101
3,7,41,48,200
3,29,41,48,201
3,4,41,48,203
3,8,41,48,204
3,8,41,48,205
3,18,41,48,208
3,12,41,48,209
3,5,41,65,101
3,4,65,237,258
3,6,47,48,89
3,6,48,101,170
5,13,39,41,48,65,89
3,13,48,65,117
5,4,32,39,41,48,251
3,11,15,39,48
3,5,31,37,38
3,4,39,41,205
3,4,39,41,200
3,5,39,41,201
3,5,39,41,209
5,4,39,41,48,76,170
5,4,39,41,48,79,103
5,4,39,41,48,79,101
4,30,32,37,38,39
3,8,41,48,108
3,34,41,48,103
3,74,41,48,101
3,24,41,48,105
3,10,41,48,104
4,5,1080,1269,1378,1379
3,4,41,170,225
4,4,38,39,48,185
4,9,32,39,48,237
3,5,19,32,41
3,6,19,32,48
5,9,38,39,41,48,103
5,17,38,39,41,48,101
5,20,38,39,41,48,105
3,4,795,1818,1819
4,4,31,37,38,39
3,58,41,48,117
4,4,32,39,48,186
5,4,32,39,41,48,80
5,4,32,39,41,48,83
5,24,32,39,41,48,89
3,8,48,89,258
3,5,48,89,251
3,5,48,89,255
3,6,175,178,225
3,12,9,41,48
4,6,38,39,48,101
3,4,48,94,225
4,4,32,39,43,48
3,17,164,165,167
3,22,164,165,166
4,8,39,41,48,604
3,10,1818,1819,3311
3,4,270,271,547
4,19,10,39,41,48
4,7,39,41,48,340
4,6,39,41,48,345
3,6,41,42,45
3,6,41,42,44
3,9,39,48,96
3,4,10420,10490,10525
3,8,41,48,604
3,9,41,48,58
3,9,41,48,59
3,41,41,48,52
3,43,41,48,53
3,19,41,48,50
3,12,41,48,51
3,25,41,48,56
3,6,41,48,54
3,43,41,48,55
3,6,48,103,110
3,4,32,48,310
3,6,48,348,352
3,4,38,39,178
3,127,38,39,170
4,15,38,39,41,286
3,4,490,550,571
4,4,39,41,110,170
3,4,39,48,1121
3,10,38,39,237
4,6,39,41,48,148
4,53,39,41,48,147
6,4,32,39,41,48,60,89
3,12,39,48,522
6,5,36,38,39,41,48,225
3,4,170,225,270
3,5,41,65,147
6,4,32,38,39,41,48,76
6,4,32,38,39,41,48,79
6,4,32,38,39,41,48,78
3,8,32,48,237
3,4,32,48,235
3,4,39,170,438
3,4,41,79,101
3,4,48,170,179
6,4,38,39,41,48,107,110
3,13,1269,1378,1379
3,10,48,89,117
3,9,48,89,110
4,6,36,38,39,110
3,5,48,78,110
3,4,39,41,249
3,12,39,41,242
3,5,48,76,101
3,65,41,48,147
3,4,48,62,89
4,9,9,32,38,39
3,4,25,39,48
3,5,38,41,225
3,5,1,38,39
4,5,38,39,48,147
5,9,38,39,41,48,147
3,4,48,69,117
5,5,39,41,48,89,310
4,5,38,41,48,79
3,12,38,39,371
3,12,38,39,60
3,4,38,39,66
3,14,38,39,65
4,4,38,39,41,94
3,6,3304,3305,3306
3,5,39,48,59
3,7,39,48,58
3,29,39,48,53
3,26,39,48,52
3,26,39,48,50
3,16,39,48,55
3,9,39,48,54
3,6,10,41,48
5,5,24,32,39,41,48
3,13,24,39,41
3,5,175,842,1355
4,12,31,38,39,41
3,11,19,38,39
3,42,9,39,48
4,13,39,41,44,48
4,10,38,39,41,147
4,11,41,48,270,271
5,16,38,39,41,48,60
3,18,2,39,48
3,6,32,48,52
3,5,32,48,53
3,6,27,32,39
5,4,36,38,39,41,89
3,11,48,79,89
3,6,48,79,185
4,72,32,38,39,48
4,27,32,38,39,47
4,232,32,38,39,41
3,5,39,48,128
3,4,39,48,129
3,43,39,48,123
3,4,45,48,170
3,7,170,647,769
3,4,65,101,250
3,7,41,48,647
3,6,48,60,94
3,10,39,270,271
3,12,39,41,123
3,5,39,41,128
4,4,39,48,89,156
3,11,2,32,39
3,4,2,32,38
4,4,38,39,40,48
4,7,38,39,40,41
3,5,48,117,185
5,4,39,41,48,62,79
4,5,39,41,48,248
5,6,19,38,39,41,48
3,4,48,161,225
3,4,32,48,270
5,9,18,38,39,41,48
3,4,48,123,269
3,5,41,147,170
4,15,38,41,48,110
3,8,48,89,156
3,9,48,89,155
3,4,39,48,464
3,4,48,155,272
4,21,18,39,41,48
4,5,32,41,48,237
4,7,32,39,41,76
4,11,32,39,41,79
3,4,32,38,56
3,8,39,48,664
4,17,18,32,39,41
5,4,32,39,41,48,340
3,4,136,548,549
3,4,32,41,271
5,10,19,32,39,41,48
4,6,38,39,48,104
4,26,38,39,48,105
4,7,38,39,48,103
3,4,48,170,258
3,13,48,147,179
3,5,48,147,170
5,6,39,41,48,53,89
4,4,41,48,89,225
5,4,39,41,48,53,65
4,21,38,39,48,89
3,15,32,39,45
4,7,41,48,65,147
3,8,45,48,65
3,4,40,41,48
5,5,32,39,41,48,123
4,23,38,39,41,55
4,10,38,39,41,56
4,4,41,48,101,170
6,5,32,38,39,41,48,371
3,4,41,48,783
4,4,39,41,48,570
4,5,32,39,41,208
3,6,38,48,286
3,4,38,48,281
3,4,2609,3046,3049
4,10,41,48,65,79
3,4,48,55,123
4,4,39,41,48,398
3,5,39,48,812
4,7,38,39,41,101
4,4,38,39,41,103
6,7,36,38,39,41,48,89
3,7,3693,3735,3977
3,4,549,610,611
3,5,39,41,155
3,29,18,32,39
3,4,18,32,38
3,5,18,32,36
5,146,36,38,39,41,48
3,4,22,39,41
3,33,39,48,161
3,6,39,48,165
3,8,39,48,168
3,7,39,48,169
3,5,2623,2874,4209
3,4,41,48,681
3,5,48,65,189
3,21,39,41,161
4,6,2,39,41,48
4,88,37,38,39,41
3,8,32,39,123
3,4,48,65,249
3,5,48,165,167
3,5,41,48,570
3,4,39,48,1135
5,20,38,39,41,47,48
3,4,41,225,237
3,4,41,48,398
3,186,37,38,39
3,5,39,48,390
3,6,48,65,80
3,42,48,65,89
3,14,48,65,76
4,12,32,39,45,48
3,5,25,32,39
3,148,32,41,48
4,7,32,39,48,75
4,9,32,39,48,79
4,21,32,39,48,78
3,13,39,40,41
3,12,39,40,48
4,5,39,41,48,197
3,6,48,117,310
3,8,32,41,65
4,5,32,41,48,270
4,67,38,39,48,170
3,6,48,179,475
4,10,36,37,38,39
4,6,16,39,41,48
3,6,41,48,370
4,4,41,48,76,170
4,5,32,39,41,103
4,8,32,39,41,101
6,4,38,39,41,48,60,110
6,17,32,37,38,39,41,48
3,4,1026,1354,1355
3,4,1132,4197,4198
4,19,38,41,48,170
5,14,32,36,38,39,48
3,6,48,117,237
5,7,39,41,48,89,170
4,11,38,39,48,49
3,8,41,48,197
3,5,41,48,193
4,5,41,48,65,103
3,13,41,270,271
5,5,32,39,41,48,49
4,5,41,48,117,310
4,5,41,48,117,208
3,4,27,41,48
4,5,41,48,647,769
5,4,32,39,41,48,161
3,9,32,39,225
3,7,16,39,41
4,6,15,39,41,48
3,11,38,48,65
5,4,15,32,39,41,48
3,33,38,48,110
3,4,38,48,117
4,4,39,41,48,535
4,6,39,41,48,533
3,4,48,65,301
4,21,39,41,47,48
4,11,39,41,48,352
4,6,39,41,48,351
6,4,18,32,36,38,39,41
3,7,39,48,855
4,4,30,38,39,48
3,4,32,48,179
3,5,39,48,276
3,12,39,48,270
3,17,39,48,271
3,8,48,297,544
3,4,32,39,1327
3,4,48,79,103
3,5,5,32,41
3,4,48,65,208
3,10,41,48,533
3,4,41,48,535
3,12,32,48,89
3,4,39,48,478
3,33,39,48,475
3,4,39,48,476
5,4,39,41,48,175,438
3,15,41,48,352
3,5,19,36,38
4,11,37,38,41,48
3,4,1966,1971,2011
3,4,41,48,1578
3,5,39,170,225
3,5,48,65,103
3,23,48,65,101
3,6,39,48,205
3,6,39,41,352
4,7,38,39,41,105
3,9,39,48,592
3,10,42,44,45
4,9,38,39,41,79
3,4,26,39,48
3,5,39,41,272
4,4,39,48,769,1034
4,4,170,225,270,271
3,4,39,41,812
5,11,32,39,41,48,225
4,4,32,39,41,147
6,6,38,39,41,48,65,170
3,32,41,45,48
4,12,11,38,39,41
5,12,32,38,39,41,47
4,4,41,47,48,65
4,8,39,48,89,201
4,4,39,48,89,208
3,45,39,41,60
3,11,39,41,62
3,90,39,41,65
3,14,39,41,66
3,5,39,41,68
3,4,1052,1067,1089
4,22,19,39,41,48
5,4,38,39,41,45,48
3,5,32,39,53
3,9,48,237,270
5,12,38,39,41,48,371
3,5,48,52,89
5,8,39,41,48,65,76
3,4,8959,9010,9015
3,4,8959,9010,9011
4,7,39,41,48,69
3,4,48,225,255
3,5,26,32,39
5,8,39,41,48,110,170
4,4,31,38,41,48
3,10,48,89,201
3,8,48,89,208
5,23,32,38,39,47,48
3,4,11,19,39
3,6,19,41,48
4,5,18,36,38,39
3,4,488,515,535
4,5,18,32,41,48
3,10,32,48,60
3,4,38,156,170
3,5,48,237,475
5,5,18,32,36,38,39
3,4,48,175,270
4,13,32,36,38,41
3,5,48,237,438
4,40,39,41,48,310
3,6,41,48,148
5,5,36,37,38,39,41
3,4,48,55,237
3,9,39,48,164
3,7,39,48,232
3,57,39,48,237
3,5,175,225,270
3,10,38,41,55
3,6,38,41,56
3,4,48,49,110
3,4,38,41,237
4,5,9,36,38,39
4,5,30,32,39,41
4,5,30,32,39,48
3,16,38,39,286
3,7,38,39,281
5,4,32,38,41,48,110
4,4,39,48,65,147
4,5,32,39,48,260
4,21,38,39,48,286
4,10,38,39,48,281
4,16,41,48,65,89
4,24,39,41,48,270
4,14,39,41,48,271
4,4,39,41,48,272
4,5,39,41,48,276
4,7,39,41,48,279
4,11,38,39,48,60
3,4,27,38,39
3,4,39,48,431
3,5,39,48,433
3,5,39,48,435
3,44,41,48,310
3,6,2559,2623,2874
5,4,38,39,41,48,94
4,6,39,41,48,77
4,49,39,41,48,76
4,5,39,41,48,71
4,4,39,41,48,70
4,77,39,41,48,79
4,49,39,41,48,78
3,39,39,48,310
4,8,39,41,48,267
3,179,41,48,89
3,15,41,48,80
3,8,41,48,83
3,7,41,48,82
3,14,41,48,85
3,7,41,48,86
3,6,41,60,65
3,5,18,36,38
5,4,38,39,41,42,44
5,4,38,39,41,42,45
4,58,37,38,39,48
4,6,41,48,65,225
3,4,41,48,1590
3,19,10,39,48
3,25,10,39,41
3,13,48,65,147
3,6,48,49,78
4,91,39,41,48,110
4,5,39,41,48,116
3,7,39,48,449
3,21,39,41,310
3,4,41,48,274
3,34,41,48,270
3,4,41,48,272
3,10,41,48,279
4,4,41,48,65,123
3,4,19,32,38
5,4,38,39,48,105,170
4,4,32,39,48,365
3,10,41,48,69
5,148,32,38,39,41,48
5,4,32,39,41,48,267
4,4,41,48,225,237
3,35,39,41,237
3,4,2238,5728,5729
3,25,18,39,48
3,32,11,39,41
3,6,41,48,116
3,107,41,48,110
3,4,41,48,111
3,4,41,48,112
3,4,41,48,113
3,4,48,65,1327
3,7,45,48,89
3,6,48,103,200
3,4,30,41,48
3,5,48,60,310
3,5,38,48,438
6,7,38,39,41,48,110,170
4,14,32,39,48,225
6,5,38,39,41,48,89,110
4,4,39,41,48,865
5,9,32,39,41,48,94
3,4,48,89,249
3,4,48,89,246
3,9,12,32,39
5,4,39,41,48,65,117
5,5,39,41,48,65,110
4,10,32,39,48,123
3,7,48,237,310
4,13,19,32,39,41
4,9,19,32,39,48
3,4,48,65,85
3,35,38,41,170
5,6,39,41,48,147,179
4,7,32,38,41,170
3,6,41,48,865
4,28,23,39,41,48
5,4,32,38,39,48,56
3,4,48,65,94
4,4,39,41,48,235
4,39,39,41,48,237
3,63,9,39,41
6,4,9,32,38,39,41,48
3,4,31,32,41
3,10,39,48,352
3,49,41,48,49
3,8,48,60,123
4,4,41,48,60,110
3,7,38,39,147
3,4,39,46,48
3,4,48,62,208
4,8,39,41,48,155
4,29,39,41,48,156
4,8,39,41,48,150
4,5,39,41,48,153
4,6,39,41,48,152
4,4,39,41,48,158
3,17,48,65,78
3,12,48,65,79
3,5,39,48,514
3,5,1475,1476,1538
3,5,41,48,235
3,52,41,48,237
4,7,32,39,48,76
3,28,38,39,55
3,6,1107,1384,1385
6,11,32,38,39,41,48,65
3,5,39,41,535
3,6,38,48,2592
3,5,32,48,225
4,4,48,65,89,147
3,8,48,89,123
3,4,48,89,128
3,6,39,48,396
5,5,39,41,48,65,255
3,4,39,41,279
3,14,39,41,271
3,21,39,41,270
3,8,48,175,178
3,9,41,48,150
3,6,41,48,152
3,5,41,48,153
3,11,41,48,155
3,34,41,48,156
3,4,41,48,158
5,9,38,39,41,48,49
3,5,48,76,89
3,5,170,175,178
4,36,39,41,48,52
4,7,38,39,48,156
5,4,38,39,41,110,170
3,4,11,31,39
3,27,19,32,39
4,10,39,41,270,271
4,5,39,41,48,195
4,5,39,45,48,89
3,5,39,41,396
3,4,41,48,406
3,6,31,32,48
3,4,48,52,79
3,22,38,39,56
3,5,38,39,50
4,24,11,39,41,48
3,16,39,48,1327
3,5,39,48,68
3,10,39,48,69
3,19,39,48,66
3,5,39,48,67
3,8,39,48,64
3,187,39,48,65
3,33,39,48,62
3,94,39,48,60
3,8,39,48,61
4,6,5,32,39,41
4,8,15,38,39,41
3,5,48,107,110
4,4,41,48,62,79
3,4,32,38,281
4,10,41,48,89,170
4,20,31,39,41,48
3,5,682,683,684
3,13,10,32,39
3,6,18,32,48
3,6,18,32,41
4,6,41,42,44,45
3,4,48,79,94
6,4,38,39,41,42,44,45
3,44,39,48,117
3,5,39,48,116
3,4,45,48,147
4,4,39,41,48,488
3,4,32,39,179
3,4,270,271,475
3,22,38,39,105
4,4,38,39,48,272
5,21,32,37,38,39,41
4,5,19,36,38,39
4,6,41,48,53,89
5,4,36,38,39,48,60
3,32,225,270,271
3,4,48,161,237
5,4,38,39,41,43,48
3,7,48,53,60
3,6,48,53,65
3,5,39,41,1327
3,4,41,48,485
4,6,41,48,89,117
4,7,38,39,41,370
4,5,38,39,41,371
4,6,32,39,41,45
4,7,32,39,41,44
4,558,32,39,41,48
3,5,225,548,681
3,9,39,48,677
3,4,39,48,675
3,6,39,41,413
5,4,37,38,39,41,42
5,64,37,38,39,41,48
4,5,39,48,60,123
4,6,38,39,48,117
4,64,38,39,48,110
3,9,48,647,769
4,5,30,31,39,48
4,5,41,48,89,237
5,86,38,39,41,48,170
5,4,38,39,41,48,179
3,15,39,41,94
3,5,39,41,95
3,4,39,41,96
3,4,39,41,92
3,4,39,41,93
4,7,41,48,65,170
4,10,38,41,48,89
4,38,38,39,47,48
4,5,32,38,39,110
3,6,48,52,101
4,13,38,39,41,60
4,22,38,39,41,65
4,4,38,39,41,66
3,5,39,48,184
3,8,41,48,790
4,4,39,41,48,547
4,9,39,41,48,544
3,5,48,65,352
3,6,39,79,225
4,61,38,39,41,170
4,5,32,39,41,117
3,8,0,39,48
3,4,60,65,237
3,23,39,48,286
3,10,39,48,281
3,5,41,225,270
5,39,38,39,41,48,55
5,6,38,39,41,48,51
5,10,38,39,41,48,53
5,8,38,39,41,48,52
3,37,39,48,156
3,20,39,48,155
3,5,39,48,153
3,4,39,48,152
3,6,41,48,195
3,4,41,48,198
3,4,41,48,677
3,68,39,41,170
3,6,39,41,175
3,6,32,39,136
3,4,41,48,547
3,9,41,48,544
4,4,9,19,39,41
3,69,39,48,110
4,9,38,39,48,237
3,4,39,48,381
5,6,31,32,39,41,48
5,5,15,32,38,39,41
3,4,438,795,1219
3,4,48,279,310
4,12,41,48,65,101
4,32,32,39,48,65
3,4,48,147,225
3,8,9,36,38
4,4,39,41,46,48
4,5,32,39,41,89
3,15,39,41,438
5,5,31,38,39,41,48
3,508,36,38,39
5,8,32,38,39,41,110
5,4,9,19,39,41,48
3,6,5,39,48
3,10,5,39,41
3,6,48,123,310
4,4,39,41,45,65
5,5,38,39,41,48,264
4,6,38,39,48,79
4,6,38,39,48,78
4,5,38,39,48,76
5,5,38,39,48,65,89
3,5,259,270,271
3,4,41,48,95
5,16,9,32,39,41,48
6,10,32,38,39,41,48,170
3,9,32,48,123
5,6,10,32,39,41,48
4,6,41,48,237,270
3,4,432,433,434
5,10,32,39,41,48,53
5,6,32,39,41,48,52
3,7,32,39,89
4,7,1269,1378,1379,1380
5,6,32,39,41,48,117
5,5,39,41,48,78,89
3,4,48,60,161
5,7,32,37,38,39,48
3,4,3021,3055,4744
3,15,38,48,55
3,4,39,65,249
3,5,48,101,475
3,7,12,38,39
3,26,9,38,39
3,4,39,89,237
4,5,39,41,48,504
3,16,30,32,39
3,4,30,32,38
3,6,48,65,310
3,5,48,55,110
4,11,39,41,48,365
3,5,39,48,865
3,4,32,48,107
3,6,32,48,101
3,5,32,48,103
3,15,41,44,48
4,4,2559,2623,2874,4209
3,14,39,48,249
3,6,39,48,248
3,5,39,48,243
3,16,39,48,242
3,15,39,48,246
4,4,175,225,270,271
3,4,175,270,271
4,8,5,39,41,48
3,7,48,79,170
3,5,39,48,199
3,5,39,48,193
3,4,39,48,192
3,5,39,48,195
4,5,39,41,48,408
4,30,32,38,41,48
3,5,48,65,271
3,4,48,65,270
3,4,41,48,509
3,6,41,48,504
3,8,48,769,1034
3,4,39,48,483
3,4,39,48,485
3,5,39,48,489
3,4,39,48,488
3,12,41,48,365
4,4,23,39,48,101
4,5,32,39,48,185
3,6,48,65,175
3,17,41,48,258
3,26,30,39,41
3,14,30,39,48
3,5,769,1034,1121
3,5,4739,4740,6173
3,8,48,65,110
3,4,41,48,407
3,7,41,48,408
4,10,24,39,41,48
3,59,39,45,48
3,14,39,48,589
3,4,39,48,587
4,14,32,38,39,170
4,6,39,48,89,310
3,4,2235,2236,2237
3,4,39,225,548
3,4,48,101,110
3,22,23,32,39
3,4,23,32,38
5,9,32,39,41,48,237
5,5,38,39,41,48,229
5,12,38,39,41,48,225
4,4,38,39,48,438
3,4,39,48,681
3,5,38,48,60
3,4,48,60,604
4,9,39,48,89,237
4,13,164,165,166,167
3,13,48,89,310
3,4,48,164,166
3,16,48,164,165
3,6,48,101,237
3,7,32,39,43
3,847,32,39,41
3,8,32,39,40
3,611,32,39,48
4,5,42,44,45,48
3,6,48,237,249
5,5,32,39,41,48,156
5,4,38,39,41,48,365
5,4,39,41,48,89,225
3,4,41,48,1146
3,24,1378,1379,1380
3,4,48,225,246
3,7,39,48,384
3,17,32,38,170
3,5,41,48,488
3,14,48,89,237
3,5,48,50,89
3,6,38,48,123
5,6,39,41,48,65,147
4,6,32,39,48,179
4,5,39,48,65,237
3,4,48,101,310
5,4,38,39,41,48,58
4,86,32,36,38,39
4,4,41,48,52,65
3,5,1080,1269,1378
3,4,308,309,310
5,4,9,39,41,48,89
3,5,32,48,147
3,11,15,38,39
3,12,39,48,209
3,18,39,48,208
3,5,39,48,206
3,12,39,48,204
3,4,39,48,203
3,21,39,48,201
3,19,39,48,200
5,4,39,41,48,107,110
3,4,39,234,236
3,5,1344,1818,1819
3,4,32,45,48
4,4,39,48,147,237
4,5,12,32,39,41
4,6,39,48,65,155
3,4,48,65,232
3,9,48,65,237
4,5,39,41,48,262
4,9,39,41,48,261
4,9,39,41,48,260
4,17,39,41,48,264
4,8,39,41,48,269
3,4,39,48,447
4,4,39,41,48,64
4,192,39,41,48,65
4,20,39,41,48,66
4,11,39,41,48,67
4,85,39,41,48,60
4,7,39,41,48,61
4,25,39,41,48,62
4,9,39,41,48,68
3,15,39,48,301
3,4,39,48,308
3,4,39,48,309
3,8,44,45,48
6,4,32,38,39,41,48,101
6,4,32,38,39,41,48,105
6,4,32,38,39,41,48,107
5,5,32,39,41,44,48
3,4,475,522,536
4,245,36,38,39,41
4,4,36,38,39,40
4,109,36,38,39,48
3,7,48,65,155
3,7,48,65,156
3,12,39,48,1146
3,9,48,49,65
5,6,32,39,41,48,255
3,4,39,48,548
3,4,39,48,544
3,4,39,48,543
3,8,41,48,267
3,20,41,48,264
3,6,41,48,262
3,10,41,48,260
3,9,41,48,261
3,11,41,48,269
3,4,39,41,589
4,4,39,48,53,89
3,10,48,78,89
4,5,32,37,38,48
3,7,39,41,846
5,4,32,39,41,48,271
3,10,15,39,41
5,4,38,39,41,65,110
3,7,39,41,229
3,56,39,41,225
3,5,39,41,58
3,6,39,41,51
3,8,39,41,52
3,14,39,41,53
3,25,39,41,55
3,11,39,41,56
3,11,39,41,208
3,11,9,32,38
3,39,9,32,39
5,10,39,41,48,60,89
3,4,15,32,48
4,6,39,41,43,48
3,6,48,79,101
5,7,32,39,41,48,310
3,5,65,89,101
4,4,39,41,48,727
4,6,39,48,164,165
3,6,41,48,102
4,9,39,48,60,65
3,4,39,48,749
3,5,39,48,740
4,4,39,48,237,249
3,4,18,41,48
5,7,39,41,48,270,271
4,4,48,225,270,271
5,8,39,41,48,65,101
5,5,39,41,48,65,103
3,9,24,32,39
3,11,39,41,50
4,6,39,48,175,178
3,5,11,32,38
3,21,11,32,39
3,25,41,47,48
3,9,38,48,89
3,6,48,107,147
3,4,41,48,727
3,4,38,41,65
4,4,36,38,39,105
3,4,48,60,61
3,14,48,60,65
3,4,48,60,66
3,6,110,647,769
3,6,4911,4973,4974
3,7,48,156,170
3,4,10,32,48
4,8,39,41,48,229
4,4,39,41,48,228
4,64,39,41,48,225
3,6,48,89,94
3,4,48,89,95
5,10,32,38,39,48,170
3,8,39,48,408
3,5,39,48,402
3,4,307,308,309
3,13,48,110,170
3,4,45,48,165
4,11,39,48,60,89
3,5,39,48,348
3,5,39,48,342
3,10,39,48,340
3,8,39,48,341
3,5,39,48,346
3,6,39,48,345
3,4,38,110,227
3,5,39,48,407
5,5,38,39,48,156,170
4,7,39,41,48,205
5,5,23,39,41,48,65
5,5,23,39,41,48,60
3,26,48,60,89
4,6,41,48,107,136
5,4,10,39,41,48,65
3,4,38,39,155
4,5,26,39,41,48
5,4,39,41,42,44,45
4,11,38,39,41,89
4,6,39,41,48,120
4,30,39,41,48,123
4,6,39,41,48,128
3,4,1344,1378,1379
3,4,48,65,66
3,4,48,117,161
3,6,39,48,504
3,5,41,48,228
3,10,41,48,229
3,73,41,48,225
3,4,41,170,237
6,4,32,38,39,41,48,52
5,4,30,39,41,48,65
3,4,41,225,271
3,4,48,89,133
3,12,15,32,39
3,7,39,48,479
4,4,41,48,65,310
4,5,15,32,39,48
4,6,39,41,48,790
5,4,15,38,39,41,48
4,8,31,32,39,48
4,8,31,32,39,41
3,6,39,48,1004
4,4,39,41,48,647
3,11,39,41,260
3,4,39,41,264
3,4,39,41,269
5,40,32,39,41,48,65
3,6,41,48,351
3,15,39,48,604
3,5,41,48,127
3,8,41,48,120
3,41,41,48,123
3,9,41,48,129
3,7,41,48,128
3,4,41,65,225
3,29,19,39,41
5,8,38,39,41,48,107
3,4,48,101,208
3,6,38,39,438
5,4,39,41,48,101,170
4,11,39,41,48,209
4,4,38,39,48,161
4,5,38,39,170,225
4,8,32,39,48,255
3,11,41,48,1327
5,4,38,39,41,48,123
3,5,65,89,147
4,5,39,41,48,855
5,4,32,38,39,48,60
5,6,38,39,41,48,790
3,5,234,235,236
4,4,48,164,165,167
3,4,32,41,189
4,5,41,48,225,270
4,4,41,48,225,271
4,4,38,41,48,56
3,5,38,39,310
4,7,23,32,39,48
4,9,23,32,39,41
5,6,32,39,41,48,185
5,7,32,39,41,48,186
3,8,48,52,65
3,625,38,39,48
3,1419,38,39,41
3,17,38,39,40
3,8,38,39,42
3,58,38,39,47
5,13,32,39,41,48,147
6,4,32,39,41,48,65,89
3,10,39,48,71
3,19,39,48,75
3,5,39,48,74
3,10,39,48,77
3,30,39,48,76
3,57,39,48,79
3,71,39,48,78
3,6,39,110,170
3,6,23,41,48
3,4,19,37,38
3,4,48,107,108
4,6,41,48,79,89
6,4,37,38,39,41,48,101
4,4,41,48,62,65
3,5,41,48,855
3,6,39,41,647
4,10,39,41,48,592
4,4,36,38,39,147
5,4,38,39,41,48,504
3,11,1,39,41
3,4,1,39,48
3,11,30,38,39
3,6,32,48,78
3,6,32,48,79
4,7,38,39,45,48
4,5,39,48,156,170
3,5,48,310,408
3,12,39,48,104
3,27,39,48,105
3,20,39,48,107
3,69,39,48,101
3,4,39,48,102
3,27,41,48,75
3,10,41,48,77
3,5,41,48,70
3,7,41,48,71
3,57,41,48,78
3,99,41,48,79
3,4,48,103,175
3,4,189,352,591
4,13,9,38,39,41
3,11,41,48,592
4,4,39,41,48,127
4,9,39,41,48,129
4,4,39,41,65,89
4,5,39,41,48,169
4,4,39,41,48,164
4,4,39,41,48,165
4,14,39,41,48,161
3,4,41,65,79
3,5,48,123,170
3,5,39,225,271
5,7,11,32,39,41,48
3,7,48,89,225
4,9,41,48,89,101
4,9,41,48,89,103
3,16,48,89,170
4,4,41,48,79,185
3,7,48,65,107
5,5,39,41,48,65,225
4,4,32,39,41,53
4,4,32,39,41,50
3,4,48,60,783
3,4,48,185,225
5,5,39,41,48,117,310
3,4,39,48,649
3,4,39,48,647
3,4,41,48,168
3,22,41,48,161
3,4,41,48,165
3,4,41,48,164
5,10,11,38,39,41,48
3,5,48,101,185
6,7,32,38,39,41,48,55
5,6,39,41,48,65,170
3,4,2990,3693,3735
3,14,23,38,39
3,4,48,105,170
3,5,36,38,110
3,41,39,41,89
3,7,39,41,83
3,10,39,41,80
3,5,48,78,225
4,8,39,41,48,1327
3,4,39,79,110
3,12,38,39,89
3,7,48,101,301
4,4,32,38,39,105
3,5,48,52,117
4,6,38,39,41,78
4,5,38,39,41,76
3,5,39,41,384
4,5,15,32,39,41
5,10,18,32,39,41,48
3,4,30,31,38
3,11,30,31,39
3,4,30,31,32
3,6,39,41,604
4,12,32,39,41,225
3,4,38,39,234
3,4,48,110,1146
5,4,39,41,48,65,78
3,6,741,742,743
4,4,38,39,41,161
6,4,36,38,39,41,48,60
6,10,36,38,39,41,48,65
3,5,48,89,260
3,15,39,48,297
3,17,31,38,39
5,48,38,39,41,48,65
5,4,38,39,41,48,66
5,4,38,39,41,48,67
3,4,39,48,148
3,6,39,48,141
3,43,39,48,147
5,5,12,38,39,41,48
3,7,39,41,105
3,4,39,41,104
3,8,39,41,107
3,31,39,41,101
3,17,39,41,103
4,6,38,39,48,225
3,42,32,37,38
4,4,32,41,48,89
5,10,38,39,41,48,62
5,4,39,48,65,89,147
4,5,32,39,48,53
4,5,32,39,48,52
3,7,47,48,65
3,6,32,48,255
3,4,3318,3319,3320
3,9,48,147,237
5,4,39,41,48,60,110
3,4,39,48,211
4,6,41,48,78,89
6,4,36,38,39,41,48,79
3,8,24,39,48
7,4,37,38,39,41,42,44,45
3,404,32,38,39
4,15,11,32,39,41
3,6,41,48,423
5,10,39,41,48,65,79
4,4,32,39,41,123
6,5,38,39,41,48,65,110
4,6,39,41,48,174
3,4,842,1354,1355
4,4,39,48,101,185
4,20,38,39,48,65
4,5,38,39,48,62
6,43,32,36,38,39,41,48
3,4,48,225,310
3,5,32,39,1146
3,8,0,39,41
3,5,39,48,783
4,6,41,48,89,110
4,4,39,48,105,170
4,16,36,38,41,48
3,4,39,41,740
5,5,38,39,41,48,475
3,6,31,32,38
3,23,31,32,39
3,5,48,110,237
5,16,32,39,41,48,101
5,4,32,39,41,48,103
5,12,32,39,41,48,107
3,4,32,39,242
4,10,12,39,41,48
3,8,48,60,117
3,6,48,60,110
3,40,19,39,48
3,6,23,36,38
4,5,41,48,65,78
3,8,48,225,237
3,46,41,48,107
3,44,38,48,170
3,4,41,42,48
6,7,37,38,39,41,48,89
3,7,39,41,185
3,4,38,39,271
3,4,38,39,270
4,12,39,41,48,371
4,6,39,41,48,374
4,21,39,41,48,475
5,21,38,39,41,48,56
3,5,32,48,117
4,4,39,41,42,48
3,13,39,48,151
3,13,39,48,150
3,17,39,48,258
3,9,39,48,259
3,52,39,48,255
3,7,39,48,256
3,7,39,48,251
4,4,39,41,65,147
3,5,39,48,188
3,10,39,48,189
3,20,39,48,185
3,20,39,48,186
3,31,39,41,147
4,17,39,41,48,438
4,4,39,41,48,432
3,9,32,39,101
4,4,48,65,225,271
3,6,48,65,264
4,10,39,41,48,297
3,39,39,47,48
4,11,38,39,41,225
3,12,39,43,48
3,5,39,48,491
6,4,36,38,39,41,48,365
3,6,41,48,374
3,14,41,48,371
3,9,39,41,179
3,5,39,41,171
4,4,39,41,48,95
4,25,39,41,48,94
4,6,39,41,48,96
4,4,39,41,48,91
4,6,39,41,48,93
4,4,39,41,48,92
4,4,39,41,48,99
4,5,30,38,39,41
4,4,41,48,53,65
3,22,41,48,438
3,4,41,48,432
4,4,41,48,89,186
4,4,41,48,79,101
4,4,41,48,79,103
3,5,48,165,166
3,10,48,62,65
3,13,41,48,297
4,4,9,19,39,48
3,6,39,175,178
3,7,38,41,286
3,4,38,41,281
3,6,3303,3304,3305
3,6,23,32,48
3,4,23,32,41
5,6,38,39,41,48,237
3,4,48,117,533
3,5,41,48,84
5,4,32,38,39,41,60
3,5,39,41,297
5,5,39,41,48,89,110
5,5,39,41,48,89,117
4,12,39,41,48,51
3,17,39,48,338
3,4,310,347,352
5,4,30,32,39,41,48
3,7,48,67,68
3,6,15,32,38
5,4,32,39,41,48,66
5,4,32,39,41,48,62
3,5,48,101,201
3,4,32,39,78
3,5,32,39,79
4,5,41,48,107,110
3,4,48,237,255
3,5,32,39,201
3,6,32,39,209
5,7,38,39,41,48,310
3,4,60,65,89
3,4,48,79,225
5,5,39,41,48,89,237
4,6,9,38,39,48
3,10,48,225,271
5,4,36,38,39,41,110
4,5,2,32,39,48
3,4,48,101,449
3,4,9,38,41
4,7,32,39,48,147
4,5,39,48,65,225
5,8,9,38,39,41,48
4,4,39,41,48,334
4,10,39,41,48,338
3,8,39,48,85
3,5,39,48,86
3,10,39,48,80
3,4,39,48,81
3,6,39,48,82
3,8,39,48,83
5,56,32,36,38,39,41
3,4,39,48,213
3,4,39,48,218
3,4,39,41,186
3,9,39,41,189
4,4,39,41,42,44
4,5,39,41,42,45
4,8,48,164,165,166
3,13,48,65,225
4,14,39,41,48,258
4,13,39,41,48,259
4,25,39,41,48,255
4,11,39,41,48,251
3,4,39,48,956
3,4,41,48,334
3,4,41,48,337
3,11,41,48,338
3,4,41,147,338
4,6,39,41,48,59
4,8,39,41,48,58
4,14,39,41,48,50
4,39,39,41,48,53
4,39,39,41,48,55
4,5,39,41,48,54
4,21,39,41,48,56
3,15,39,48,334
5,4,36,38,39,48,170
6,15,32,38,39,41,48,110
3,8,9617,9664,9669
4,17,39,41,48,189
4,861,38,39,41,48
3,4,39,179,301
3,6,48,65,128
3,7,48,65,123
3,25,41,48,475
4,4,41,48,103,110
4,5,38,39,41,45
3,4,39,41,374
3,7,39,41,370
3,6,39,41,371
3,15,11,38,39
3,4,41,156,170
3,17,41,48,259
3,13,41,48,251
3,26,41,48,255
4,18,32,39,48,60
4,5,32,39,48,62
4,6,32,39,48,66
3,6,41,46,48
3,7,38,39,45
3,5,38,39,44
4,6,38,41,48,286
5,4,36,38,39,41,237
4,8,19,38,39,41
3,15,48,270,271
3,4,48,229,255
3,5,48,101,147
3,54,36,38,48
3,50,36,38,41
3,4,36,38,45
3,12,2,39,41
3,4,41,45,65
3,5,9010,9011,9015
3,4,27,39,48
3,4,27,39,41
3,3231,39,41,48
3,8,39,41,43
3,14,39,41,42
3,31,39,41,47
3,4,39,41,46
3,19,39,41,44
4,6,41,48,89,310
3,8,39,647,769
4,5,6,39,41,48
4,10,41,48,60,89
3,4,39,48,70
5,4,32,39,41,48,301
3,4,39,48,424
4,10,32,36,38,48
3,4,39,41,592
3,16,39,48,272
3,10,39,48,279
4,5,38,39,170,175
4,5,32,39,48,103
4,13,32,39,48,101
4,4,38,41,47,48
6,4,32,39,41,48,65,79
6,4,38,39,41,48,101,170
4,4,39,48,65,107
4,5,39,48,65,255
3,4,48,249,264
4,4,39,48,101,301
3,23,38,41,110
3,6,270,271,310
4,6,24,32,39,41
4,6,10,32,39,48
6,9,32,38,39,41,47,48
6,4,38,39,41,47,48,65
3,5,48,170,570
3,4,48,60,76
3,38,647,769,1034
4,7,32,39,41,270
4,5,39,48,79,89
4,9,39,41,48,215
4,4,39,41,65,117
4,4,39,41,65,110
3,6,48,94,117
3,7,39,48,379
3,5,39,48,374
3,14,39,48,371
3,6,39,48,370
3,4,170,769,1034
5,4,32,39,41,45,48
4,5,15,32,38,39
3,5,237,269,279
4,4,27,39,41,48
3,4,48,65,168
3,20,3402,3535,3537
4,8,39,41,48,133
4,4,39,41,48,136
3,7,39,48,234
3,6,39,48,235
3,4,39,41,338
3,5,39,41,334
3,12,36,38,170
3,4,48,117,170
3,7,39,48,570
3,9,41,48,215
3,8,41,48,213
3,4,41,48,211
3,4,41,65,110
3,8,41,65,117
3,4,237,310,352
5,5,32,39,41,48,201
3,4,38,170,310
3,4,39,41,213
3,5,48,76,170
3,5,41,48,136
3,8,41,48,133
4,4,38,39,44,48
6,7,36,38,39,41,48,110
3,5,65,225,271
3,16,36,37,38
4,5,32,39,48,246
6,7,38,39,41,48,89,170
5,6,32,38,39,48,110
4,5,18,32,39,48
5,10,38,39,41,48,117
5,88,38,39,41,48,110
4,6,39,45,48,65
3,7,39,48,734
4,4,39,40,41,48
3,5,682,684,698
3,4,38,48,370
3,5,38,48,371
4,6,1,39,41,48
3,10,38,45,48
3,9,10,38,39
6,4,37,38,39,41,48,286
3,4,48,175,438
3,45,39,41,45
3,6,26,39,41
3,9,39,48,171
3,6,39,48,176
3,10,48,107,136
3,4,41,48,770
3,5,39,41,677
3,4,41,110,225
5,4,32,39,41,270,271
3,4,11,32,48
4,9,41,48,110,170
3,4,32,48,62
3,17,32,48,65
5,6,39,41,48,79,89
3,4,270,271,279
3,11,41,48,67
3,27,41,48,66
3,247,41,48,65
3,4,41,48,64
3,32,41,48,62
3,8,41,48,61
3,95,41,48,60
3,9,41,48,68
4,9,32,38,48,170
3,36,18,39,41
3,33,11,39,48
4,17,30,39,41,48
3,5,38,39,161
3,4,39,48,108
4,17,39,48,65,89
5,5,36,38,39,48,89
3,4,39,48,552
4,25,39,41,48,179
4,6,39,41,48,178
4,7,39,41,48,171
4,88,39,41,48,170
3,4,8959,8978,9010
5,5,39,41,48,117,208
3,10,39,48,533
3,4,48,178,225
3,6,5194,5230,5943
4,26,32,39,48,89
4,6,32,39,48,200
3,5,32,48,200
3,4,32,48,208
3,4,48,110,189
3,6,48,123,255
3,11,48,53,89
3,59,41,48,76
3,4,48,103,178
4,5,12,38,39,41
3,6,48,89,107
3,24,48,89,101
3,10,48,89,103
3,4,48,78,101
3,6,331,332,448
3,4,39,41,258
3,4,39,41,251
3,4,39,41,255
4,24,39,41,48,75
3,9,41,48,178
3,29,41,48,179
3,109,41,48,170
3,9,41,48,171
3,4,41,48,176
3,6,41,48,174
3,26,41,48,175
3,4,39,48,319
3,4,39,48,1659
3,11,39,41,475
4,4,41,48,49,78
3,7,9,32,41
3,12,9,32,48
3,5,32,39,185
3,5,6,39,41
3,6,6,39,48
5,7,38,39,41,48,281
5,16,38,39,41,48,286
3,7,41,43,48
5,10,38,39,41,48,156
3,72,38,39,110
3,11,41,48,88
4,7,19,39,48,89
4,21,9,32,39,41
4,11,9,32,39,48
4,10,38,41,48,65
4,4,39,41,225,270
4,5,32,38,48,110
4,5,39,41,48,84
3,5,38,39,78
3,15,38,39,79
4,5,39,41,60,65
4,4,38,39,170,438
5,6,23,38,39,41,48
3,59,39,48,49
3,4,237,249,255
4,4,0,32,39,41
4,8,36,38,39,170
4,4,32,39,41,237
3,7,38,39,225
6,5,36,38,39,41,48,55
4,4,39,41,110,225
4,12,18,38,39,41
5,5,32,41,48,237,270
3,6,38,41,89
4,4,11,32,38,39
5,15,38,39,41,48,76
5,4,38,39,41,48,75
5,18,38,39,41,48,79
5,14,38,39,41,48,78
3,5,39,48,137
3,9,39,48,133
3,5,9,11,39
3,4,31,41,48
5,19,32,39,41,48,60
3,11,39,44,48
3,18,39,41,117
3,62,39,41,110
3,6,32,39,156
4,7,41,48,147,179
4,10,41,48,65,76
4,6,38,39,110,170
3,4,38,39,740
3,4,48,89,438
3,4,38,170,175
3,5,32,48,249
3,4,32,48,242
4,4,39,41,48,112
4,49,39,41,48,117
3,8,48,89,147
4,4,9,32,41,48
3,4,39,41,504
4,4,39,48,76,89
4,5,32,39,41,60
4,12,32,39,41,65
3,42,32,38,48
3,71,32,38,41
4,6,2,38,39,41
3,4,39,225,270
3,6,48,107,237
4,25,39,41,45,48
3,8,41,48,276
3,19,41,48,271
3,16,39,48,51
3,14,39,48,56
4,4,39,41,48,198
3,12,38,48,56
3,5,2853,2854,2873
4,6,39,41,48,184
3,5,147,175,179
4,4,41,48,175,438
4,5,39,48,225,270
3,5,45,48,79
4,4,39,48,123,310
4,8,39,48,89,101
3,8,48,101,255
3,128,32,36,38
3,4,32,39,270
4,4,39,41,48,406
3,12,48,225,270
3,4,48,105,225
4,29,38,39,41,47
4,4,38,39,41,43
4,9,38,39,41,42
4,4,39,41,48,509
3,8,38,48,147
3,4,39,147,179
4,4,38,39,42,45
3,9,39,41,1146
4,6,39,41,48,384
3,4,48,170,286
4,55,38,39,41,110
4,4,38,39,41,117
7,4,32,36,38,39,41,48,89
3,15,165,166,167
5,4,32,38,39,48,105
3,5,17,32,39
3,74,39,48,170
3,18,39,48,175
3,5,39,48,174
3,30,39,48,179
3,10,39,48,178
3,35,39,48,438
3,10,39,41,156
4,5,39,41,48,423
4,5,39,41,48,425
4,4,32,39,41,310
3,11,48,65,255
3,9,2,38,39
3,4,3311,4433,4486
4,19,39,41,48,286
4,8,39,41,48,281
3,5,31,38,41
4,12,38,39,41,237
3,8,41,48,384
3,20,37,38,41
3,28,37,38,48
4,9,39,41,48,88
4,146,39,41,48,89
4,6,39,41,48,82
4,8,39,41,48,83
4,15,39,41,48,80
4,4,39,41,48,86
4,13,39,41,48,85
4,4,39,41,48,1590
3,5,41,65,89
3,8,0,32,39
4,5,32,39,48,475
3,6,12,39,48
3,15,12,39,41
3,192,39,48,89
3,4,39,48,87
3,4,48,170,186
3,4,48,147,208
3,6,41,48,425
3,6,41,48,420
4,11,39,41,48,186
4,24,39,41,48,185
3,4,48,89,185
3,4,48,89,186
3,5,48,89,189
3,4,48,62,79
3,4,41,48,289
3,9,41,48,281
3,26,41,48,286
3,14,9,19,39
3,5,48,78,79
4,7,10,32,39,41
3,5,41,48,169
5,8,32,38,39,41,170
3,4,48,77,89
