3,3,32,39,310
5,3,38,39,41,48,208
4,3,32,39,41,115
3,8,7,39,48
3,3,158,159,160
5,3,19,36,38,39,41
5,3,38,39,42,44,45
3,17,39,41,286
3,3,39,41,281
3,6,48,117,208
5,3,41,48,55,110,170
5,3,39,41,48,89,107
5,6,39,41,48,89,103
5,4,39,41,48,89,101
4,14,38,39,48,56
4,14,38,39,48,55
4,5,38,39,48,53
4,5,38,39,48,51
3,3,48,170,351
5,3,39,41,48,79,185
5,3,39,41,48,225,237
3,13,41,48,186
3,30,41,48,185
3,6,41,48,184
3,20,41,48,189
3,4,38,39,504
3,3,39,41,400
3,3,48,89,374
4,5,41,48,65,117
4,5,41,48,65,110
4,4,37,38,48,147
4,4,31,32,38,39
3,5,39,48,1578
5,17,32,39,41,48,79
5,9,32,39,41,48,78
5,5,32,39,41,48,75
5,7,32,39,41,48,76
3,7,48,255,310
3,13,32,39,65
3,5,32,39,66
3,13,32,39,60
5,3,32,39,41,48,174
3,5,32,39,237
3,3,48,60,147
3,3,41,48,114
4,4,39,48,101,255
3,6,48,170,438
4,5,39,41,48,420
3,4,32,38,156
3,3,38,48,78
6,3,38,39,48,65,89,147
3,7,38,48,105
3,4,38,48,103
3,4,38,48,101
4,3,38,47,48,89
4,3,27,32,39,41
5,3,18,39,41,48,89
4,6,32,39,48,151
4,3,32,39,48,155
4,3,32,39,48,156
4,49,9,39,41,48
4,3,39,41,48,522
3,3,660,861,981
3,11,36,39,41
3,3,48,55,170
4,12,38,39,48,371
4,4,38,39,48,370
4,4,27,38,39,41
4,3,39,41,48,342
4,4,39,41,48,348
3,5,39,48,98
3,3,39,48,97
3,12,39,48,95
3,20,39,48,94
3,6,39,48,93
3,7,39,48,92
3,5,39,48,91
3,8,48,170,237
3,10,39,48,846
3,3,32,48,164
3,4,38,39,840
4,22,39,41,48,175
3,14,39,48,264
3,14,39,48,267
3,9,39,48,261
3,17,39,48,260
3,5,39,48,262
3,13,39,48,269
5,6,39,41,48,107,136
4,3,41,48,110,1146
3,3,39,42,44
3,4,39,42,45
3,4,48,79,110
3,10,5,32,39
3,3,89,164,165
5,3,38,39,41,170,225
3,5,39,48,824
5,3,39,48,53,60,65
4,5,39,41,48,213
6,3,38,39,41,48,53,89
3,4,39,41,195
3,3,39,41,192
3,4,39,41,198
4,3,39,41,48,464
3,3,32,41,101
4,3,11,39,48,89
3,4,32,48,94
3,3,39,48,124
3,3,591,592,677
4,7,39,41,48,249
4,8,39,41,48,242
4,3,39,41,48,247
4,11,39,41,48,246
3,6,41,48,345
3,3,41,48,346
3,4,41,48,341
3,9,41,48,340
3,3,41,48,342
3,4,41,48,348
3,3,41,117,170
4,39,39,41,48,49
3,9,39,48,413
3,6,39,48,414
3,3,48,79,237
3,3,48,66,89
4,5,32,39,48,438
6,3,32,39,41,48,65,310
4,5,41,48,65,255
3,5,48,110,164
5,3,39,41,48,117,475
5,3,38,39,41,48,169
4,10,39,48,65,78
4,3,39,48,65,76
3,4,48,65,136
3,3,48,65,133
3,5,41,48,464
3,3,795,1344,1818
5,5,30,38,39,41,48
4,3,32,41,48,62
4,12,32,41,48,65
3,3,39,41,349
3,5,39,41,340
3,3,3662,3663,3664
3,3,39,65,76
3,3,41,55,225
3,4,39,41,1529
3,4,225,234,237
3,6,41,48,248
3,10,41,48,249
3,16,41,48,246
3,4,41,48,247
3,11,41,48,242
3,4,41,48,243
3,3,1369,1371,1393
6,4,38,39,41,48,89,117
3,3,39,41,342
3,4,39,41,85
6,3,39,41,48,55,110,170
3,5,48,60,225
5,4,36,38,39,41,225
5,4,32,38,41,48,65
4,10,32,39,48,310
3,4,22,32,41
3,3,1585,1593,1675
4,3,8959,9010,9011,9015
3,3,48,50,101
5,3,32,39,41,48,215
3,3,438,475,522
5,4,32,38,39,41,56
3,5,48,170,310
5,4,9,32,38,39,41
5,4,39,41,48,225,271
5,5,39,41,48,225,270
3,16,39,41,78
3,56,39,41,79
3,22,39,41,76
3,5,39,41,75
3,3,39,41,71
4,3,41,48,52,101
3,3,32,39,1135
3,3,2926,3021,3055
3,4,48,79,475
3,3,18,37,38
4,3,41,48,170,237
3,7,3319,3320,3321
5,5,48,164,165,166,167
4,3,32,39,270,271
6,4,38,39,41,48,76,170
4,3,39,48,255,310
3,3,39,48,766
3,3,39,48,761
3,6,39,48,769
3,3,41,50,65
3,15,32,38,110
3,3,4555,4556,4557
5,3,39,41,48,65,123
4,5,3303,3304,3305,3306
4,9,32,39,48,117
4,3,39,48,170,438
6,4,37,38,39,41,42,44
5,9,32,39,41,48,179
3,3,39,48,1320
4,12,39,41,48,301
5,4,39,41,47,48,65
3,26,39,48,103
3,16,18,38,39
4,4,41,48,79,270
3,3,38,41,103
3,4,38,41,101
7,4,32,38,39,41,48,110,170
3,14,39,48,229
3,4,39,48,228
3,11,39,48,220
3,7,39,48,222
3,49,39,48,225
3,3,1344,1379,1380
3,151,38,41,48
3,10,38,41,47
3,3,41,161,229
3,3,48,49,101
6,3,32,38,39,41,48,229
3,5,1301,1302,1303
3,4,5,38,39
4,3,39,48,65,175
3,47,23,39,41
3,26,23,39,48
3,5,39,170,175
3,3,5806,5807,5808
3,5,32,38,47
4,8,39,41,48,204
4,23,39,41,48,201
4,6,39,41,48,200
4,4,39,41,48,203
4,14,39,41,48,208
5,6,32,36,38,41,48
4,3,9,39,48,65
4,5,18,32,36,38
3,6,39,48,426
3,4,39,48,425
3,3,39,48,420
3,15,41,48,301
3,13,38,47,48
5,44,38,39,41,48,89
3,3,178,185,201
3,4,39,48,363
3,9,39,48,365
5,3,32,39,48,60,89
3,6,48,65,161
3,8,41,48,96
3,28,41,48,94
3,6,41,48,92
3,6,41,48,93
3,4,41,48,91
3,5,41,48,98
3,4,41,48,99
3,5,48,79,270
3,3,48,79,271
3,6,41,110,170
3,4,32,48,352
3,8,683,684,698
3,29,31,39,48
3,36,31,39,41
5,3,11,39,41,48,65
4,3,39,41,117,170
3,3,107,147,179
3,3,48,49,56
4,3,48,65,78,117
4,7,23,38,39,41
3,10,48,65,170
3,4,48,65,179
5,6,32,38,39,48,65
4,3,30,32,38,39
4,6,39,41,48,108
4,39,39,41,48,107
4,7,39,41,48,104
4,21,39,41,48,105
4,4,39,41,48,102
4,30,39,41,48,103
4,58,39,41,48,101
4,3,38,39,41,390
3,3,671,1327,1536
3,7,41,48,200
3,29,41,48,201
3,4,41,48,203
3,8,41,48,204
3,8,41,48,205
3,18,41,48,208
3,12,41,48,209
3,3,48,225,267
3,3,41,65,105
3,5,41,65,101
3,3,306,307,309
3,4,65,237,258
4,3,39,48,53,60
3,6,47,48,89
3,3,38,48,504
4,3,41,48,237,533
3,3,612,739,785
4,3,32,39,48,352
3,6,48,101,170
3,3,1001,1004,1048
3,3,170,237,269
5,13,39,41,48,65,89
3,13,48,65,117
5,4,32,39,41,48,251
3,3,39,89,117
3,3,39,48,1020
3,11,15,39,48
3,5,31,37,38
3,3,39,41,206
3,4,39,41,205
3,4,39,41,200
3,5,39,41,201
3,5,39,41,209
5,3,39,41,48,89,186
5,4,39,41,48,76,170
5,4,39,41,48,79,103
5,4,39,41,48,79,101
4,30,32,37,38,39
3,8,41,48,108
3,34,41,48,103
3,74,41,48,101
3,24,41,48,105
3,10,41,48,104
4,5,1080,1269,1378,1379
3,3,103,225,310
3,4,41,170,225
4,3,39,48,225,255
6,3,32,38,39,41,48,49
3,3,48,49,208
4,4,38,39,48,185
4,9,32,39,48,237
6,3,38,39,41,48,89,103
3,3,48,110,286
3,5,19,32,41
3,6,19,32,48
3,3,458,464,488
5,9,38,39,41,48,103
5,17,38,39,41,48,101
5,20,38,39,41,48,105
3,4,795,1818,1819
4,4,31,37,38,39
3,3,38,170,225
3,58,41,48,117
4,4,32,39,48,186
5,3,39,41,48,179,475
3,3,41,65,301
5,4,32,39,41,48,80
5,4,32,39,41,48,83
5,24,32,39,41,48,89
3,8,48,89,258
3,5,48,89,251
3,5,48,89,255
3,3,157,158,159
3,6,175,178,225
3,3,10,38,41
3,3,308,309,374
3,12,9,41,48
4,3,32,39,48,734
4,3,41,48,55,110
4,6,38,39,48,101
3,4,48,94,225
4,4,32,39,43,48
3,17,164,165,167
3,22,164,165,166
4,8,39,41,48,604
3,10,1818,1819,3311
5,3,39,41,48,117,170
3,3,41,117,225
3,3,41,48,703
3,3,39,65,110
3,3,39,41,664
3,4,270,271,547
3,3,39,60,604
4,19,10,39,41,48
4,3,41,48,147,225
4,7,39,41,48,340
4,6,39,41,48,345
3,6,41,42,45
3,6,41,42,44
3,3,11,30,32
3,3,11,30,39
3,3,39,48,289
3,9,39,48,96
3,4,10420,10490,10525
4,3,1344,1378,1379,1380
3,3,48,110,156
4,3,39,41,79,101
3,8,41,48,604
3,9,41,48,58
3,9,41,48,59
3,41,41,48,52
3,43,41,48,53
3,19,41,48,50
3,12,41,48,51
3,25,41,48,56
3,6,41,48,54
3,43,41,48,55
3,6,48,103,110
3,4,32,48,310
3,6,48,348,352
4,3,39,48,89,110
3,4,38,39,178
3,3,38,39,175
3,127,38,39,170
5,3,39,41,48,147,170
4,15,38,39,41,286
3,4,490,550,571
3,3,19,30,39
4,4,39,41,110,170
4,3,39,48,76,101
4,3,39,41,170,195
3,4,39,48,1121
3,10,38,39,237
4,6,39,41,48,148
4,53,39,41,48,147
6,4,32,39,41,48,60,89
3,3,48,117,147
3,3,502,548,549
3,12,39,48,522
3,3,10490,10525,10611
6,5,36,38,39,41,48,225
3,4,170,225,270
3,5,41,65,147
3,3,48,123,156
6,4,32,38,39,41,48,76
6,4,32,38,39,41,48,79
6,4,32,38,39,41,48,78
3,3,48,846,1214
3,8,32,48,237
3,4,32,48,235
3,4,39,170,438
3,4,41,79,101
3,4,48,170,179
3,3,48,170,175
6,4,38,39,41,48,107,110
3,13,1269,1378,1379
3,3,48,123,338
3,10,48,89,117
3,9,48,89,110
4,6,36,38,39,110
3,5,48,78,110
3,3,48,78,117
3,3,39,41,248
3,4,39,41,249
3,12,39,41,242
3,5,48,76,101
3,65,41,48,147
3,4,48,62,89
4,9,9,32,38,39
3,3,7938,8313,8314
3,4,25,39,48
3,3,25,39,41
3,3,41,175,842
5,3,32,39,41,42,48
3,5,38,41,225
3,5,1,38,39
4,5,38,39,48,147
3,3,976,1001,1004
4,3,32,39,48,271
5,9,38,39,41,48,147
3,4,48,69,117
4,3,39,41,48,749
3,3,147,175,189
3,3,245,270,271
3,3,48,110,475
3,3,39,237,475
3,3,48,76,78
3,3,48,76,79
5,5,39,41,48,89,310
4,3,38,41,48,78
4,5,38,41,48,79
3,3,38,39,370
3,12,38,39,371
3,12,38,39,60
3,4,38,39,66
3,14,38,39,65
4,4,38,39,41,94
3,6,3304,3305,3306
4,3,164,165,167,301
3,3,213,806,1515
3,5,39,48,59
3,7,39,48,58
3,29,39,48,53
3,26,39,48,52
3,26,39,48,50
3,16,39,48,55
3,9,39,48,54
3,6,10,41,48
3,3,1080,1378,1379
5,3,38,39,41,170,195
5,5,24,32,39,41,48
3,3,41,48,749
3,13,24,39,41
3,5,175,842,1355
5,3,38,39,48,89,110
4,12,31,38,39,41
4,3,31,38,39,48
3,3,38,110,647
3,11,19,38,39
5,3,10,38,39,41,48
4,3,39,47,48,180
3,42,9,39,48
4,13,39,41,44,48
4,10,38,39,41,147
4,11,41,48,270,271
5,16,38,39,41,48,60
3,18,2,39,48
3,3,32,48,58
3,6,32,48,52
3,5,32,48,53
3,6,27,32,39
5,4,36,38,39,41,89
3,3,48,79,86
3,11,48,79,89
3,3,38,41,94
3,6,48,79,185
4,72,32,38,39,48
4,27,32,38,39,47
4,232,32,38,39,41
3,5,39,48,128
3,4,39,48,129
3,3,39,48,126
3,3,39,48,127
3,43,39,48,123
3,4,45,48,170
3,7,170,647,769
3,4,65,101,250
3,7,41,48,647
3,3,48,281,475
3,3,38,170,647
3,6,48,60,94
4,3,38,39,48,178
3,10,39,270,271
3,12,39,41,123
3,5,39,41,128
5,3,38,39,41,101,170
4,4,39,48,89,156
4,3,39,48,89,155
3,3,39,41,133
3,3,41,48,522
3,11,2,32,39
3,4,2,32,38
3,3,225,237,249
3,3,47,48,180
4,4,38,39,40,48
4,7,38,39,40,41
3,5,48,117,185
5,4,39,41,48,62,79
4,5,39,41,48,248
3,3,161,179,208
5,3,38,39,48,79,170
3,3,48,123,195
5,6,19,38,39,41,48
3,4,48,161,225
3,3,197,198,199
3,3,32,48,271
3,4,32,48,270
5,9,18,38,39,41,48
3,4,48,123,269
3,3,41,147,175
3,5,41,147,170
3,3,48,53,59
4,15,38,41,48,110
3,3,1150,1151,1152
3,3,48,117,976
4,3,41,48,89,123
4,3,41,48,89,128
3,8,48,89,156
3,9,48,89,155
3,4,39,48,464
3,4,48,155,272
4,21,18,39,41,48
4,5,32,41,48,237
4,7,32,39,41,76
4,11,32,39,41,79
5,3,39,48,164,165,166
3,4,32,38,56
3,8,39,48,664
4,17,18,32,39,41
5,4,32,39,41,48,340
3,3,39,41,426
3,4,136,548,549
3,4,32,41,271
5,10,19,32,39,41,48
4,6,38,39,48,104
4,26,38,39,48,105
4,7,38,39,48,103
3,4,48,170,258
3,3,2399,2559,2623
5,3,38,39,41,48,255
3,13,48,147,179
3,5,48,147,170
5,6,39,41,48,53,89
4,4,41,48,89,225
5,4,39,41,48,53,65
4,21,38,39,48,89
5,3,38,39,41,48,185
3,3,161,285,338
3,15,32,39,45
4,3,39,41,48,783
4,3,39,41,48,789
4,7,41,48,65,147
3,3,9,10,39
3,8,45,48,65
3,3,48,110,255
3,4,40,41,48
5,5,32,39,41,48,123
4,3,41,48,225,246
5,3,32,38,39,48,281
4,23,38,39,41,55
4,10,38,39,41,56
4,3,38,39,41,50
4,3,38,39,41,53
4,4,41,48,101,170
5,3,36,38,39,41,170
4,3,39,41,48,681
6,5,32,38,39,41,48,371
3,4,41,48,783
3,3,41,48,789
4,4,39,41,48,570
4,5,32,39,41,208
3,6,38,48,286
3,4,38,48,281
3,4,2609,3046,3049
4,10,41,48,65,79
3,4,48,55,123
4,4,39,41,48,398
3,3,441,809,885
3,5,39,48,812
4,3,38,39,41,107
4,7,38,39,41,101
4,4,38,39,41,103
6,7,36,38,39,41,48,89
3,7,3693,3735,3977
4,3,260,319,320,338
3,3,107,108,110
4,3,39,41,48,433
3,4,549,610,611
3,5,39,41,155
3,29,18,32,39
3,4,18,32,38
3,5,18,32,36
5,3,36,38,39,41,42
5,146,36,38,39,41,48
3,4,22,39,41
3,3,22,39,48
3,3,38,39,69
3,33,39,48,161
3,3,39,48,166
3,6,39,48,165
3,8,39,48,168
3,7,39,48,169
3,5,2623,2874,4209
3,4,41,48,681
3,5,48,65,189
5,3,39,41,48,103,110
3,21,39,41,161
4,6,2,39,41,48
4,88,37,38,39,41
3,8,32,39,123
3,3,48,65,246
3,4,48,65,249
3,5,48,165,167
3,5,41,48,570
3,4,39,48,1135
4,3,38,39,48,208
3,3,2852,2853,2854
5,20,38,39,41,47,48
4,3,38,39,41,201
3,4,41,225,237
3,3,41,48,395
3,4,41,48,398
4,3,41,48,52,79
4,3,39,44,45,48
3,186,37,38,39
3,3,39,48,398
3,3,39,48,395
3,3,39,48,397
3,5,39,48,390
3,6,48,65,80
3,3,48,65,83
3,3,48,65,82
3,42,48,65,89
3,14,48,65,76
3,3,39,60,110
4,3,41,48,170,270
4,12,32,39,45,48
3,5,25,32,39
3,3,53,60,65
3,148,32,41,48
4,3,32,39,48,71
4,7,32,39,48,75
4,3,32,39,48,74
4,9,32,39,48,79
4,21,32,39,48,78
3,3,48,123,222
3,3,48,123,220
4,3,39,48,49,65
3,13,39,40,41
3,12,39,40,48
3,3,14,38,39
4,3,39,41,48,193
4,5,39,41,48,197
3,3,48,89,198
3,3,39,41,390
3,6,48,117,310
3,8,32,41,65
3,3,897,898,899
4,5,32,41,48,270
4,3,39,41,147,170
4,67,38,39,48,170
4,3,39,48,78,89
3,6,48,179,475
3,3,48,60,189
3,3,39,55,3149
5,3,30,32,38,39,41
5,3,39,41,48,170,438
3,3,48,50,76
4,10,36,37,38,39
4,6,16,39,41,48
5,3,39,41,48,62,65
5,3,32,38,39,41,103
3,6,41,48,370
3,3,39,170,647
5,3,795,1344,1818,1819,3311
4,4,41,48,76,170
4,5,32,39,41,103
4,8,32,39,41,101
4,3,179,225,270,271
6,4,38,39,41,48,60,110
3,3,101,170,237
3,3,18,48,60
6,17,32,37,38,39,41,48
3,4,1026,1354,1355
3,4,1132,4197,4198
4,3,25,39,41,48
4,19,38,41,48,170
3,3,175,438,806
5,14,32,36,38,39,48
3,6,48,117,237
5,7,39,41,48,89,170
4,11,38,39,48,49
3,3,48,170,345
3,3,41,48,194
3,8,41,48,197
3,3,41,48,192
3,5,41,48,193
4,5,41,48,65,103
3,3,1355,4899,4913
3,3,48,76,204
3,3,89,103,225
3,13,41,270,271
5,5,32,39,41,48,49
4,5,41,48,117,310
4,5,41,48,117,208
3,3,270,271,806
3,4,27,41,48
4,5,41,48,647,769
5,4,32,39,41,48,161
3,9,32,39,225
3,3,32,39,227
3,3,48,60,175
3,3,48,105,271
3,7,16,39,41
3,3,38,48,150
3,3,48,56,101
4,6,15,39,41,48
3,3,846,1214,1344
3,3,48,103,389
3,3,38,48,67
3,11,38,48,65
5,4,15,32,39,41,48
3,33,38,48,110
3,4,38,48,117
4,4,39,41,48,535
4,6,39,41,48,533
3,3,48,175,237
3,3,48,110,371
3,4,48,65,301
5,3,39,41,48,60,61
4,21,39,41,47,48
4,11,39,41,48,352
4,6,39,41,48,351
6,4,18,32,36,38,39,41
3,7,39,48,855
4,4,30,38,39,48
3,4,32,48,179
3,5,39,48,276
3,12,39,48,270
3,17,39,48,271
3,3,423,438,449
3,8,48,297,544
3,3,48,51,60
3,4,32,39,1327
3,3,48,79,310
3,4,48,79,103
3,5,5,32,41
4,3,39,48,60,66
4,3,38,39,65,110
3,3,33,39,48
3,3,165,167,301
4,3,39,41,48,413
3,3,41,48,779
3,3,41,48,772
3,3,39,41,1291
3,4,48,65,208
3,3,48,65,200
3,3,48,65,201
3,10,41,48,533
3,4,41,48,535
3,12,32,48,89
4,3,38,39,41,249
3,4,39,48,478
3,33,39,48,475
3,4,39,48,476
5,4,39,41,48,175,438
3,15,41,48,352
3,5,19,36,38
4,3,41,48,60,225
5,3,32,39,48,65,89
4,11,37,38,41,48
3,3,824,837,846
3,3,41,101,310
3,4,1966,1971,2011
4,3,647,769,1034,1121
3,3,39,48,1783
4,3,39,41,225,237
4,3,37,38,48,438
3,4,41,48,1578
4,3,48,89,128,170
3,3,270,271,1146
3,5,39,170,225
6,3,39,41,48,225,270,271
5,3,39,41,48,297,544
3,3,48,485,563
3,3,48,147,251
3,3,48,147,255
3,5,48,65,103
3,23,48,65,101
3,3,41,48,416
3,3,48,110,1327
3,6,39,48,205
4,3,32,41,48,76
3,3,39,41,351
3,6,39,41,352
4,7,38,39,41,105
3,9,39,48,592
3,3,48,147,186
5,3,39,41,48,170,310
4,3,10,38,41,48
3,10,42,44,45
4,9,38,39,41,79
4,3,39,48,89,123
3,4,26,39,48
3,5,39,41,272
3,3,39,41,824
3,3,48,101,127
3,3,48,101,123
3,3,22,32,39
3,3,36,38,65
4,3,41,48,170,570
3,3,38,117,170
4,4,39,48,769,1034
4,4,170,225,270,271
3,4,39,41,812
3,3,39,41,811
3,3,48,50,117
4,3,10,38,39,41
5,11,32,39,41,48,225
4,4,32,39,41,147
6,6,38,39,41,48,65,170
3,32,41,45,48
4,12,11,38,39,41
5,3,32,38,39,41,45
5,12,32,38,39,41,47
4,4,41,47,48,65
4,8,39,48,89,201
4,4,39,48,89,208
5,3,39,41,48,170,270
3,45,39,41,60
3,11,39,41,62
3,90,39,41,65
3,3,39,41,64
3,14,39,41,66
3,5,39,41,68
3,3,48,89,301
3,3,41,48,157
3,4,1052,1067,1089
4,22,19,39,41,48
4,3,39,48,117,237
3,3,85,164,166
5,4,38,39,41,45,48
3,3,48,310,604
3,5,32,39,53
3,9,48,237,270
5,12,38,39,41,48,371
3,5,48,52,89
5,8,39,41,48,65,76
3,3,1219,1818,1819
3,4,8959,9010,9015
3,4,8959,9010,9011
4,7,39,41,48,69
5,3,39,41,48,89,258
3,4,48,225,255
3,3,39,48,458
3,5,26,32,39
5,8,39,41,48,110,170
4,4,31,38,41,48
3,10,48,89,201
3,8,48,89,208
5,3,38,39,41,48,271
4,3,41,147,175,179
5,23,32,38,39,47,48
3,4,11,19,39
5,3,39,41,48,65,156
5,3,36,38,39,48,438
3,6,19,41,48
4,5,18,36,38,39
3,4,488,515,535
4,5,18,32,41,48
3,10,32,48,60
3,4,38,156,170
3,5,48,237,475
5,5,18,32,36,38,39
3,4,48,175,270
3,3,48,175,271
4,13,32,36,38,41
6,3,37,38,39,41,48,65
3,5,48,237,438
3,3,41,170,195
4,40,39,41,48,310
3,6,41,48,148
4,3,31,39,41,79
5,5,36,37,38,39,41
3,4,48,55,237
3,9,39,48,164
3,7,39,48,232
3,57,39,48,237
3,5,175,225,270
3,10,38,41,55
3,6,38,41,56
3,4,48,49,110
3,4,38,41,237
4,5,9,36,38,39
4,5,30,32,39,41
4,5,30,32,39,48
3,16,38,39,286
3,7,38,39,281
5,4,32,38,41,48,110
4,4,39,48,65,147
4,5,32,39,48,260
4,21,38,39,48,286
4,10,38,39,48,281
4,16,41,48,65,89
4,24,39,41,48,270
4,14,39,41,48,271
4,4,39,41,48,272
4,5,39,41,48,276
4,7,39,41,48,279
3,3,39,41,204
4,11,38,39,48,60
3,4,27,38,39
3,4,39,48,431
3,5,39,48,433
3,5,39,48,435
3,3,22,38,41
3,3,41,48,319
3,44,41,48,310
4,3,41,48,170,310
3,6,2559,2623,2874
5,4,38,39,41,48,94
4,6,39,41,48,77
4,49,39,41,48,76
4,3,39,41,48,72
4,5,39,41,48,71
4,4,39,41,48,70
4,77,39,41,48,79
4,49,39,41,48,78
3,39,39,48,310
4,8,39,41,48,267
3,179,41,48,89
3,3,41,48,81
3,15,41,48,80
3,8,41,48,83
3,7,41,48,82
3,14,41,48,85
3,7,41,48,86
3,3,48,79,249
3,6,41,60,65
5,3,36,38,39,48,110
6,3,11,32,38,39,41,48
4,3,39,41,225,271
3,5,18,36,38
5,3,39,41,48,52,65
5,4,38,39,41,42,44
5,4,38,39,41,42,45
3,3,39,155,272
4,58,37,38,39,48
4,3,1307,1378,1379,1380
4,6,41,48,65,225
3,4,41,48,1590
3,3,41,48,1591
3,19,10,39,48
3,25,10,39,41
4,3,39,41,65,79
3,13,48,65,147
3,6,48,49,78
4,91,39,41,48,110
4,3,39,41,48,113
4,3,39,41,48,114
4,5,39,41,48,116
4,3,39,41,48,1578
3,7,39,48,449
3,21,39,41,310
3,3,175,178,185
3,3,48,189,201
3,3,41,48,275
3,4,41,48,274
3,34,41,48,270
3,4,41,48,272
3,10,41,48,279
3,3,41,48,278
4,3,41,48,237,475
3,3,2225,2238,2276
4,3,26,32,39,41
4,4,41,48,65,123
3,4,19,32,38
5,4,38,39,48,105,170
4,4,32,39,48,365
3,10,41,48,69
3,3,48,101,164
3,3,48,61,89
5,148,32,38,39,41,48
5,3,39,41,48,65,91
5,4,32,39,41,48,267
3,3,32,39,365
4,4,41,48,225,237
3,3,48,78,161
3,3,39,41,232
3,35,39,41,237
5,3,39,41,48,255,310
4,3,39,48,89,249
3,4,2238,5728,5729
3,25,18,39,48
5,3,39,41,48,225,246
3,32,11,39,41
3,6,41,48,116
3,107,41,48,110
3,4,41,48,111
3,4,41,48,112
3,4,41,48,113
3,4,48,65,1327
3,7,45,48,89
3,3,905,927,932
3,6,48,103,200
3,4,30,41,48
3,5,48,60,310
3,3,41,60,237
3,5,38,48,438
6,7,38,39,41,48,110,170
5,3,39,41,48,101,127
3,3,9,19,32
4,14,32,39,48,225
4,3,32,39,48,229
3,3,39,65,78
6,5,38,39,41,48,89,110
3,3,41,48,390
5,3,39,41,48,78,79
4,3,48,65,270,271
3,3,1269,1307,1378
4,4,39,41,48,865
3,3,985,986,987
5,3,32,39,41,48,96
5,9,32,39,41,48,94
3,4,48,89,249
3,4,48,89,246
3,9,12,32,39
5,4,39,41,48,65,117
5,5,39,41,48,65,110
4,3,41,48,170,258
3,3,41,310,1327
4,10,32,39,48,123
3,3,237,242,249
3,7,48,237,310
4,13,19,32,39,41
4,9,19,32,39,48
3,4,48,65,85
3,35,38,41,170
3,3,41,48,715
5,6,39,41,48,147,179
4,7,32,38,41,170
3,6,41,48,865
5,3,12,32,39,41,48
3,3,39,65,161
4,28,23,39,41,48
5,4,32,38,39,48,56
4,3,38,39,48,390
3,4,48,65,94
4,3,3318,3319,3320,3321
3,3,89,237,256
4,4,39,41,48,235
4,39,39,41,48,237
3,63,9,39,41
6,4,9,32,38,39,41,48
3,4,31,32,41
3,3,48,110,147
4,3,8959,8978,9010,9011
3,3,1269,1379,1380
3,3,39,48,351
3,3,39,48,350
3,10,39,48,352
3,3,39,48,357
6,3,38,39,41,48,110,1146
3,49,41,48,49
3,8,48,60,123
4,4,41,48,60,110
3,3,18,39,65
4,3,39,48,110,189
3,7,38,39,147
7,3,18,32,36,38,39,41,48
3,3,237,258,475
4,3,36,38,39,47
3,4,39,46,48
3,3,48,65,186
3,4,48,62,208
3,3,48,87,107
4,8,39,41,48,155
4,29,39,41,48,156
4,8,39,41,48,150
4,5,39,41,48,153
4,6,39,41,48,152
4,4,39,41,48,158
3,17,48,65,78
3,12,48,65,79
3,3,48,65,75
3,3,48,65,71
3,3,48,117,155
3,5,39,48,514
3,3,1149,1150,1151
3,5,1475,1476,1538
3,5,41,48,235
3,52,41,48,237
3,3,41,48,444
3,3,48,166,167
4,7,32,39,48,76
3,3,48,123,147
3,28,38,39,55
5,3,39,41,48,51,60
3,6,1107,1384,1385
6,11,32,38,39,41,48,65
3,3,30,39,89
3,3,39,41,533
3,5,39,41,535
3,6,38,48,2592
4,3,11,38,39,48
3,3,18,30,39
3,5,32,48,225
4,4,48,65,89,147
4,3,41,48,89,155
3,8,48,89,123
3,4,48,89,128
3,3,22,41,48
3,6,39,48,396
5,3,39,41,48,65,128
5,5,39,41,48,65,255
3,3,536,678,679
3,3,1578,3402,3535
3,3,39,48,1016
5,3,39,41,48,103,200
3,4,39,41,279
3,14,39,41,271
3,21,39,41,270
3,8,48,175,178
3,9,41,48,150
3,6,41,48,152
3,5,41,48,153
3,11,41,48,155
3,34,41,48,156
3,4,41,48,158
5,9,38,39,41,48,49
3,5,48,76,89
3,5,170,175,178
4,36,39,41,48,52
4,7,38,39,48,156
4,3,38,39,48,155
5,4,38,39,41,110,170
4,3,39,48,65,1327
7,3,38,39,41,48,55,110,170
3,3,165,166,301
4,3,41,48,101,208
3,4,11,31,39
3,27,19,32,39
3,3,3074,3663,3664
3,3,48,186,259
4,10,39,41,270,271
4,5,39,41,48,195
4,5,39,45,48,89
3,3,19,39,101
5,3,1080,1269,1378,1379,1380
3,3,32,41,225
5,3,39,41,48,170,195
3,5,39,41,396
3,3,39,41,397
5,3,39,41,48,52,101
3,3,464,475,592
3,4,41,48,406
3,6,31,32,48
3,3,48,89,426
3,3,48,52,76
3,4,48,52,79
3,22,38,39,56
3,5,38,39,50
4,3,41,48,107,225
4,24,11,39,41,48
5,3,38,39,47,48,180
5,3,39,41,48,175,270
4,3,41,48,101,105
3,16,39,48,1327
3,5,39,48,68
3,10,39,48,69
3,19,39,48,66
3,5,39,48,67
3,8,39,48,64
3,187,39,48,65
3,33,39,48,62
3,94,39,48,60
3,8,39,48,61
4,6,5,32,39,41
5,3,38,39,48,110,170
3,3,48,408,475
4,8,15,38,39,41
3,5,48,107,110
4,4,41,48,62,79
4,3,41,48,62,76
3,3,48,56,89
3,3,2234,2235,2237
3,4,32,38,281
3,3,32,48,297
4,3,41,48,60,61
4,10,41,48,89,170
4,3,38,39,175,178
4,3,41,48,110,156
4,20,31,39,41,48
3,5,682,683,684
3,3,39,170,2777
3,13,10,32,39
3,3,10,32,38
4,3,32,39,48,604
3,6,18,32,48
3,6,18,32,41
4,6,41,42,44,45
3,4,48,79,94
6,4,38,39,41,42,44,45
3,3,39,48,113
3,44,39,48,117
3,5,39,48,116
5,3,38,39,41,117,170
5,3,39,41,48,79,270
3,4,45,48,147
5,3,18,39,41,48,65
3,3,48,103,147
3,3,39,41,136
4,4,39,41,48,488
4,3,39,41,48,485
3,3,11,39,65
3,4,32,39,179
3,4,270,271,475
3,22,38,39,105
3,3,38,39,103
4,4,38,39,48,272
5,21,32,37,38,39,41
4,5,19,36,38,39
3,3,38,41,105
3,3,101,164,165
4,6,41,48,53,89
5,4,36,38,39,48,60
3,3,48,64,65
3,32,225,270,271
3,3,41,65,170
4,3,48,65,89,201
3,4,48,161,237
5,4,38,39,41,43,48
3,7,48,53,60
3,6,48,53,65
4,3,38,41,48,103
4,3,38,41,48,107
3,5,39,41,1327
3,4,41,48,485
3,3,41,48,483
3,3,32,48,449
4,6,41,48,89,117
3,3,48,52,170
3,3,48,89,161
5,3,32,39,41,48,270
4,7,38,39,41,370
4,5,38,39,41,371
3,3,48,117,475
4,3,32,41,48,208
3,3,179,225,270
4,6,32,39,41,45
4,7,32,39,41,44
4,3,32,39,41,42
4,558,32,39,41,48
3,3,39,48,1052
3,5,225,548,681
3,9,39,48,677
3,4,39,48,675
3,3,3431,3580,3791
3,6,39,41,413
5,4,37,38,39,41,42
5,64,37,38,39,41,48
4,3,1,38,39,41
4,5,39,48,60,123
3,3,38,41,270
4,6,38,39,48,117
4,64,38,39,48,110
3,3,808,855,878
3,9,48,647,769
4,5,30,31,39,48
4,5,41,48,89,237
3,3,101,123,147
5,3,38,39,41,48,175
5,3,38,39,41,48,171
5,86,38,39,41,48,170
5,4,38,39,41,48,179
3,15,39,41,94
3,5,39,41,95
3,4,39,41,96
3,4,39,41,92
3,4,39,41,93
3,3,101,201,255
3,3,4377,4840,4849
3,3,229,269,338
4,3,41,48,65,175
4,7,41,48,65,170
4,3,16,19,32,39
6,3,36,38,39,41,42,45
3,3,48,110,267
3,3,32,40,48
5,3,41,48,89,103,225
4,10,38,41,48,89
4,38,38,39,47,48
3,3,38,39,96
4,5,32,38,39,110
3,6,48,52,101
4,13,38,39,41,60
4,3,38,39,41,62
4,22,38,39,41,65
4,4,38,39,41,66
4,3,36,38,48,55
4,3,48,89,237,256
3,3,48,438,740
4,3,39,45,48,101
3,5,39,48,184
3,3,45,48,208
3,8,41,48,790
4,4,39,41,48,547
4,9,39,41,48,544
3,5,48,65,352
3,3,38,39,242
4,3,41,48,170,179
4,3,38,39,48,310
3,6,39,79,225
3,3,48,170,208
4,61,38,39,41,170
6,3,36,38,39,41,48,78
4,5,32,39,41,117
3,3,55,110,170
3,8,0,39,48
3,4,60,65,237
3,23,39,48,286
3,10,39,48,281
6,3,38,39,41,48,170,270
6,3,32,39,41,48,179,475
5,3,39,41,48,55,110
3,5,41,225,270
3,3,43,48,170
5,39,38,39,41,48,55
5,6,38,39,41,48,51
5,10,38,39,41,48,53
5,8,38,39,41,48,52
3,37,39,48,156
3,20,39,48,155
3,5,39,48,153
3,4,39,48,152
3,3,45,48,101
4,3,1344,1818,1819,3311
3,6,41,48,195
3,4,41,48,198
4,3,48,65,89,101
3,4,41,48,677
4,3,32,38,39,56
3,3,41,170,647
3,68,39,41,170
3,6,39,41,175
3,6,32,39,136
3,4,41,48,547
3,9,41,48,544
4,4,9,19,39,41
3,69,39,48,110
4,9,38,39,48,237
4,3,36,38,48,110
3,3,842,1026,1354
3,4,39,48,381
5,6,31,32,39,41,48
5,5,15,32,38,39,41
6,3,38,39,41,48,79,103
4,3,41,48,164,165
3,4,438,795,1219
3,3,1613,2649,3343
3,4,48,279,310
3,3,32,39,677
4,12,41,48,65,101
3,3,32,41,50
3,3,41,48,514
4,3,32,39,48,64
4,32,32,39,48,65
3,3,9,48,338
5,3,41,48,225,270,271
3,4,48,147,225
3,3,39,103,225
3,8,9,36,38
6,3,39,41,48,65,225,271
5,3,38,39,48,170,237
4,3,39,48,161,237
4,4,39,41,46,48
3,3,38,41,156
4,3,39,41,48,292
3,3,11,38,41
3,3,39,110,225
4,5,32,39,41,89
4,3,32,39,41,80
3,15,39,41,438
5,5,31,38,39,41,48
4,3,795,1344,1818,1819
3,3,89,101,201
3,508,36,38,39
5,8,32,38,39,41,110
3,3,522,544,589
3,3,39,48,490
5,4,9,19,39,41,48
3,6,5,39,48
3,10,5,39,41
3,3,1591,1600,1653
3,3,797,1043,1107
3,6,48,123,310
4,4,39,41,45,65
5,5,38,39,41,48,264
3,3,42,45,48
4,3,41,48,60,65
3,3,11,32,41
3,3,48,117,225
4,6,38,39,48,79
4,6,38,39,48,78
4,5,38,39,48,76
3,3,48,170,371
5,5,38,39,48,65,89
3,3,4209,4502,4595
3,5,259,270,271
3,4,41,48,95
5,16,9,32,39,41,48
6,10,32,38,39,41,48,170
3,9,32,48,123
5,6,10,32,39,41,48
5,3,27,38,39,41,48
4,6,41,48,237,270
3,3,45,48,93
4,3,19,32,38,39
3,3,308,309,1080
3,4,432,433,434
5,10,32,39,41,48,53
5,6,32,39,41,48,52
5,3,32,39,41,48,50
3,3,2771,2792,2818
3,3,48,110,225
3,7,32,39,89
4,3,48,53,60,65
4,7,1269,1378,1379,1380
5,6,32,39,41,48,117
3,3,32,39,255
5,5,39,41,48,78,89
3,4,48,60,161
5,7,32,37,38,39,48
3,3,65,78,117
3,4,3021,3055,4744
4,3,39,48,79,170
6,3,38,39,41,48,170,195
5,3,38,39,48,104,170
3,15,38,48,55
3,4,39,65,249
4,3,32,41,48,101
3,5,48,101,475
5,3,39,41,48,65,189
3,7,12,38,39
3,26,9,38,39
3,4,39,89,237
4,5,39,41,48,504
3,16,30,32,39
3,4,30,32,38
6,3,32,39,41,48,79,185
3,6,48,65,310
3,5,48,55,110
4,11,39,41,48,365
3,3,32,39,533
3,5,39,48,865
3,4,32,48,107
3,6,32,48,101
3,5,32,48,103
3,15,41,44,48
4,4,2559,2623,2874,4209
3,14,39,48,249
3,6,39,48,248
3,5,39,48,243
3,16,39,48,242
3,15,39,48,246
3,3,39,48,244
3,3,27,32,41
4,4,175,225,270,271
3,4,175,270,271
5,3,37,38,39,41,237
4,8,5,39,41,48
3,3,39,60,89
3,7,48,79,170
3,3,48,49,161
5,3,5,32,39,41,48
3,3,39,41,2238
4,3,39,48,60,76
3,5,39,48,199
3,3,39,48,198
3,5,39,48,193
3,4,39,48,192
3,5,39,48,195
3,3,48,179,301
4,3,39,48,65,117
4,3,39,41,48,403
4,5,39,41,48,408
4,30,32,38,41,48
3,5,48,65,271
3,4,48,65,270
3,4,41,48,509
3,6,41,48,504
3,3,38,39,189
3,8,48,769,1034
3,3,39,48,921
3,4,39,48,483
3,4,39,48,485
3,5,39,48,489
3,4,39,48,488
3,3,22,38,39
3,12,41,48,365
3,3,48,208,249
4,4,23,39,48,101
3,3,48,60,544
4,5,32,39,48,185
3,6,48,65,175
5,3,36,38,39,48,147
3,17,41,48,258
3,26,30,39,41
3,14,30,39,48
3,5,769,1034,1121
3,5,4739,4740,6173
4,3,41,48,65,271
4,3,41,48,65,270
3,8,48,65,110
3,4,41,48,407
3,3,41,48,403
3,7,41,48,408
4,10,24,39,41,48
4,3,41,48,79,170
3,59,39,45,48
4,3,39,48,279,310
3,3,48,201,208
3,3,39,41,301
3,14,39,48,589
3,4,39,48,587
4,14,32,38,39,170
4,6,39,48,89,310
3,3,1593,1616,1677
3,3,41,101,225
3,4,2235,2236,2237
3,3,48,156,475
3,3,48,475,488
4,3,32,39,48,334
3,4,39,225,548
3,4,48,101,110
3,3,48,101,117
3,3,398,438,548
4,3,41,48,89,147
3,3,147,164,165
3,3,39,48,389
3,22,23,32,39
3,4,23,32,38
5,9,32,39,41,48,237
3,3,48,89,209
5,5,38,39,41,48,229
5,12,38,39,41,48,225
3,3,41,48,207
4,3,32,39,41,179
6,3,38,39,41,48,65,147
3,3,41,48,439
4,4,38,39,48,438
3,4,39,48,681
5,3,39,41,48,89,123
3,5,38,48,60
3,4,48,60,604
4,9,39,48,89,237
5,3,38,39,48,170,438
3,3,1371,1393,1556
4,3,36,38,45,48
3,3,48,161,189
4,13,164,165,166,167
3,13,48,89,310
3,3,147,175,178
3,4,48,164,166
3,16,48,164,165
3,6,48,101,237
5,3,39,41,48,53,60
3,3,32,39,44
3,7,32,39,43
3,847,32,39,41
3,8,32,39,40
3,3,32,39,49
3,611,32,39,48
3,3,1344,1659,2225
4,5,42,44,45,48
3,6,48,237,249
5,5,32,39,41,48,156
5,3,32,39,41,48,152
5,4,38,39,41,48,365
3,3,1026,1146,1354
3,3,36,38,647
5,4,39,41,48,89,225
3,4,41,48,1146
3,3,32,41,89
3,24,1378,1379,1380
3,4,48,225,246
3,7,39,48,384
3,17,32,38,170
3,5,41,48,488
3,14,48,89,237
3,5,48,50,89
3,6,38,48,123
5,6,39,41,48,65,147
3,3,38,39,390
3,3,1308,1327,2225
3,3,48,78,237
4,6,32,39,48,179
4,3,32,39,48,178
4,3,32,39,48,175
4,5,39,48,65,237
3,3,110,170,371
3,4,48,101,310
5,4,38,39,41,48,58
4,86,32,36,38,39
4,4,41,48,52,65
3,5,1080,1269,1378
3,4,308,309,310
3,3,189,201,208
4,3,39,48,101,475
5,3,9,36,38,39,41
5,4,9,39,41,48,89
3,5,32,48,147
3,11,15,38,39
3,3,48,110,370
3,3,38,41,123
3,12,39,48,209
3,18,39,48,208
3,5,39,48,206
3,12,39,48,204
3,4,39,48,203
3,21,39,48,201
3,19,39,48,200
5,4,39,41,48,107,110
5,3,1269,1307,1378,1379,1380
3,4,39,234,236
3,5,1344,1818,1819
3,4,32,45,48
3,3,48,49,123
4,4,39,48,147,237
6,3,32,38,39,47,48,1344
5,3,39,41,48,65,71
3,3,48,62,101
4,3,12,32,39,48
4,5,12,32,39,41
4,6,39,48,65,155
4,3,39,41,48,444
3,4,48,65,232
3,9,48,65,237
3,3,261,279,398
4,3,41,48,65,91
4,5,39,41,48,262
4,9,39,41,48,261
4,9,39,41,48,260
4,17,39,41,48,264
4,8,39,41,48,269
3,3,48,201,341
3,4,39,48,447
4,4,39,41,48,64
4,192,39,41,48,65
4,20,39,41,48,66
4,11,39,41,48,67
4,85,39,41,48,60
4,7,39,41,48,61
4,25,39,41,48,62
4,9,39,41,48,68
3,15,39,48,301
3,4,39,48,308
3,4,39,48,309
3,8,44,45,48
6,4,32,38,39,41,48,101
6,4,32,38,39,41,48,105
6,4,32,38,39,41,48,107
4,3,41,48,105,225
5,5,32,39,41,44,48
5,3,23,32,39,48,60
5,3,39,41,48,52,79
3,4,475,522,536
3,3,41,89,155
4,3,36,38,39,42
4,245,36,38,39,41
4,4,36,38,39,40
4,109,36,38,39,48
3,3,48,65,150
3,7,48,65,155
3,7,48,65,156
5,3,39,41,48,147,225
3,12,39,48,1146
3,9,48,49,65
4,3,32,41,48,49
5,6,32,39,41,48,255
3,3,39,41,365
3,3,39,41,368
3,4,39,48,548
3,3,39,48,549
3,4,39,48,544
3,4,39,48,543
4,3,41,48,78,79
3,3,4336,4337,4339
3,8,41,48,267
3,20,41,48,264
3,6,41,48,262
3,10,41,48,260
3,9,41,48,261
3,11,41,48,269
3,3,39,65,170
3,4,39,41,589
3,3,48,101,103
3,3,1814,1818,1819
3,3,48,60,200
4,3,41,48,51,60
4,4,39,48,53,89
3,3,1043,1107,1384
3,10,48,78,89
4,3,38,39,41,310
4,3,18,30,39,41
4,5,32,37,38,48
3,3,48,101,155
4,3,101,164,165,167
4,3,39,41,101,225
3,3,39,41,840
3,7,39,41,846
5,4,32,39,41,48,271
3,10,15,39,41
4,3,1269,1307,1378,1379
3,3,48,78,175
3,3,48,78,170
3,3,48,59,89
5,4,38,39,41,65,110
3,7,39,41,229
3,56,39,41,225
3,5,39,41,58
3,6,39,41,51
3,8,39,41,52
3,14,39,41,53
3,25,39,41,55
3,11,39,41,56
4,3,41,45,48,147
3,3,967,1060,1327
3,11,39,41,208
3,3,48,60,301
3,11,9,32,38
3,39,9,32,39
3,3,48,75,103
5,10,39,41,48,60,89
3,4,15,32,48
4,6,39,41,43,48
3,6,48,79,101
5,7,32,39,41,48,310
4,3,39,48,89,255
3,5,65,89,101
4,3,9,11,39,41
4,4,39,41,48,727
4,6,39,48,164,165
3,3,260,319,320
3,6,41,48,102
3,3,41,48,100
4,9,39,48,60,65
4,3,39,48,101,237
3,4,39,48,749
3,5,39,48,740
4,4,39,48,237,249
3,3,39,41,783
3,3,48,89,272
3,3,48,89,271
3,4,18,41,48
5,7,39,41,48,270,271
4,4,48,225,270,271
4,3,48,89,103,225
6,3,38,39,41,48,117,170
3,3,147,170,179
5,8,39,41,48,65,101
5,5,39,41,48,65,103
5,3,41,42,44,45,48
3,9,24,32,39
3,11,39,41,50
4,6,39,48,175,178
3,5,11,32,38
3,21,11,32,39
3,3,65,89,201
3,25,41,47,48
3,3,38,41,161
3,9,38,48,89
3,6,48,107,147
3,4,41,48,727
3,4,38,41,65
4,3,41,48,79,475
3,3,837,846,1004
4,4,36,38,39,105
3,3,39,208,258
3,4,48,60,61
3,14,48,60,65
3,4,48,60,66
3,6,110,647,769
3,6,4911,4973,4974
3,7,48,156,170
3,3,175,225,806
5,3,32,39,41,48,475
3,4,10,32,48
3,3,39,48,136
3,3,48,179,258
4,8,39,41,48,229
4,4,39,41,48,228
4,64,39,41,48,225
3,3,32,41,117
3,6,48,89,94
3,4,48,89,95
3,3,48,89,91
5,10,32,38,39,48,170
3,3,1435,1585,1593
3,8,39,48,408
3,5,39,48,402
3,3,39,48,406
3,4,307,308,309
3,13,48,110,170
3,4,45,48,165
4,11,39,48,60,89
4,3,32,39,41,342
3,5,39,48,348
3,3,39,48,349
3,5,39,48,342
3,10,39,48,340
3,8,39,48,341
3,5,39,48,346
3,6,39,48,345
3,4,38,110,227
3,5,39,48,407
5,5,38,39,48,156,170
4,7,39,41,48,205
5,5,23,39,41,48,65
5,5,23,39,41,48,60
3,26,48,60,89
4,3,38,39,41,840
4,6,41,48,107,136
5,4,10,39,41,48,65
3,4,38,39,155
4,3,41,48,60,783
4,5,26,39,41,48
3,3,48,338,398
5,3,41,48,89,128,170
5,4,39,41,42,44,45
4,11,38,39,41,89
3,3,39,41,116
4,6,39,41,48,120
4,30,39,41,48,123
4,3,39,41,48,126
4,6,39,41,48,128
3,3,39,41,328
3,4,1344,1378,1379
4,3,39,41,65,225
3,3,48,65,68
3,4,48,65,66
3,4,48,117,161
3,6,39,48,504
3,5,41,48,228
3,10,41,48,229
3,3,41,48,220
3,73,41,48,225
3,4,41,170,237
6,4,32,38,39,41,48,52
6,3,32,38,39,41,48,56
5,3,39,41,48,60,225
5,4,30,39,41,48,65
3,4,41,225,271
4,3,39,48,89,147
3,4,48,89,133
3,12,15,32,39
3,7,39,48,479
4,4,41,48,65,310
4,5,15,32,39,48
4,6,39,41,48,790
5,4,15,38,39,41,48
4,8,31,32,39,48
4,8,31,32,39,41
3,6,39,48,1004
4,4,39,41,48,647
3,11,39,41,260
3,3,39,41,261
3,4,39,41,264
3,3,39,41,265
3,3,39,41,267
3,4,39,41,269
3,3,48,255,846
5,40,32,39,41,48,65
3,6,41,48,351
3,15,39,48,604
3,5,41,48,127
3,3,41,48,126
3,8,41,48,120
3,41,41,48,123
3,9,41,48,129
3,7,41,48,128
6,3,36,38,39,41,48,101
6,3,36,38,39,41,48,103
3,4,41,65,225
3,29,19,39,41
5,8,38,39,41,48,107
3,3,44,48,49
3,3,3160,4594,4994
3,4,48,101,208
3,6,38,39,438
5,4,39,41,48,101,170
4,11,39,41,48,209
4,4,38,39,48,161
4,3,19,37,38,39
4,5,38,39,170,225
4,8,32,39,48,255
3,11,41,48,1327
3,3,89,128,170
5,3,32,39,41,48,352
5,4,38,39,41,48,123
3,5,65,89,147
3,3,267,310,379
6,3,32,38,39,41,45,48
4,3,39,41,48,769
4,5,39,41,48,855
3,3,237,490,587
4,3,39,41,48,703
5,4,32,38,39,48,60
5,6,38,39,41,48,790
3,5,234,235,236
4,4,48,164,165,167
3,4,32,41,189
4,5,41,48,225,270
4,4,41,48,225,271
4,4,38,41,48,56
3,5,38,39,310
3,3,319,320,338
5,3,36,38,39,40,41
5,3,41,48,65,225,271
4,7,23,32,39,48
4,9,23,32,39,41
5,6,32,39,41,48,185
5,7,32,39,41,48,186
3,8,48,52,65
3,3,48,52,60
3,625,38,39,48
3,1419,38,39,41
3,17,38,39,40
3,3,38,39,43
3,8,38,39,42
3,58,38,39,47
4,3,0,39,41,48
5,13,32,39,41,48,147
6,4,32,39,41,48,65,89
3,3,39,48,1344
3,10,39,48,71
3,3,39,48,72
3,19,39,48,75
3,5,39,48,74
3,10,39,48,77
3,30,39,48,76
3,57,39,48,79
3,71,39,48,78
3,3,48,66,94
3,6,39,110,170
3,6,23,41,48
3,3,729,730,731
5,3,39,41,48,67,68
3,4,19,37,38
3,4,48,107,108
4,3,41,48,79,86
4,6,41,48,79,89
6,4,37,38,39,41,48,101
4,4,41,48,62,65
3,3,41,48,769
3,5,41,48,855
3,6,39,41,647
4,10,39,41,48,592
6,3,32,38,39,41,48,281
4,4,36,38,39,147
3,3,48,173,310
5,4,38,39,41,48,504
4,3,41,48,110,164
3,11,1,39,41
3,4,1,39,48
3,11,30,38,39
3,6,32,48,78
3,6,32,48,79
4,3,38,39,170,647
3,3,39,237,438
4,7,38,39,45,48
4,5,39,48,156,170
3,5,48,310,408
3,12,39,48,104
3,27,39,48,105
3,20,39,48,107
3,69,39,48,101
3,4,39,48,102
3,27,41,48,75
3,10,41,48,77
3,5,41,48,70
3,7,41,48,71
3,3,41,48,72
3,57,41,48,78
3,99,41,48,79
3,4,48,103,175
3,3,32,39,189
3,4,189,352,591
4,13,9,38,39,41
4,3,39,48,110,170
3,11,41,48,592
3,3,38,39,112
4,3,41,48,65,264
3,3,548,549,610
3,3,5672,5673,5674
5,3,32,39,41,48,592
3,3,249,270,271
4,4,39,41,48,127
4,9,39,41,48,129
4,4,39,41,65,89
5,3,36,38,39,48,78
4,3,39,41,48,168
4,5,39,41,48,169
4,4,39,41,48,164
4,4,39,41,48,165
4,14,39,41,48,161
3,3,41,55,286
3,4,41,65,79
3,3,397,398,438
3,3,48,65,69
3,5,48,123,170
3,3,48,161,249
3,5,39,225,271
5,7,11,32,39,41,48
3,3,38,41,504
3,3,48,53,79
3,3,396,397,398
5,3,38,39,41,110,225
3,3,48,89,229
3,7,48,89,225
3,3,89,201,258
4,3,41,48,89,107
4,9,41,48,89,101
4,9,41,48,89,103
3,3,48,89,179
3,16,48,89,170
4,4,41,48,79,185
3,3,43,48,225
3,3,32,41,79
3,7,48,65,107
3,3,39,297,544
5,5,39,41,48,65,225
3,3,41,48,413
4,4,32,39,41,53
4,4,32,39,41,50
3,4,48,60,783
3,4,48,185,225
3,3,48,76,123
5,5,39,41,48,117,310
3,4,39,48,649
3,4,39,48,647
5,3,31,37,38,39,41
3,4,41,48,168
3,22,41,48,161
3,3,41,48,163
3,4,41,48,165
3,4,41,48,164
4,3,38,170,647,769
5,10,11,38,39,41,48
5,3,39,41,48,647,769
3,3,39,41,407
4,3,41,48,49,65
3,3,48,89,1327
3,5,48,101,185
3,3,48,101,189
3,3,44,48,89
6,3,32,38,39,41,48,53
6,7,32,38,39,41,48,55
4,3,38,39,48,123
5,6,39,41,48,65,170
3,4,2990,3693,3735
4,3,39,48,52,117
3,14,23,38,39
3,4,48,105,170
3,5,36,38,110
3,3,9,38,48
3,3,41,48,1052
3,3,39,48,596
3,41,39,41,89
3,7,39,41,83
3,10,39,41,80
3,3,164,166,208
3,5,48,78,225
3,3,48,78,229
3,3,297,522,544
4,8,39,41,48,1327
4,3,41,48,65,161
5,3,39,41,48,65,310
3,3,310,352,374
3,3,45,48,49
3,3,1210,1344,1476
3,3,39,65,255
3,3,48,110,270
3,3,3494,3907,4567
3,4,39,79,110
3,12,38,39,89
3,7,48,101,301
4,4,32,38,39,105
3,5,48,52,117
4,6,38,39,41,78
4,5,38,39,41,76
3,5,39,41,384
4,5,15,32,39,41
4,3,41,48,101,155
3,3,1650,1651,1652
5,10,18,32,39,41,48
5,3,38,39,47,48,1344
5,3,38,39,48,110,189
5,3,39,41,48,49,78
3,3,2815,2990,2994
3,4,30,31,38
3,11,30,31,39
3,4,30,31,32
4,3,48,55,110,170
3,6,39,41,604
3,3,48,51,110
4,3,2,32,38,39
4,12,32,39,41,225
5,3,9,39,41,48,65
3,4,38,39,234
3,4,48,110,1146
4,3,41,48,179,475
5,4,39,41,48,65,78
3,6,741,742,743
3,3,39,48,837
4,4,38,39,41,161
6,4,36,38,39,41,48,60
6,10,36,38,39,41,48,65
3,3,2,36,38
3,5,48,89,260
4,3,39,41,60,237
3,3,39,48,292
3,15,39,48,297
5,3,36,38,39,41,60
5,3,36,38,39,41,65
3,17,31,38,39
5,3,37,38,39,48,170
5,3,38,39,41,48,61
5,48,38,39,41,48,65
5,4,38,39,41,48,66
5,4,38,39,41,48,67
3,4,39,48,148
3,6,39,48,141
3,43,39,48,147
5,5,12,38,39,41,48
3,3,110,237,249
3,3,270,271,286
4,3,11,30,39,41
3,3,39,41,108
3,7,39,41,105
3,4,39,41,104
3,8,39,41,107
3,31,39,41,101
3,17,39,41,103
3,3,39,41,102
5,3,11,32,38,39,41
4,3,41,48,117,170
6,3,38,39,41,48,55,110
3,3,48,77,101
4,6,38,39,48,225
4,3,41,48,65,66
3,3,2852,2853,2874
3,42,32,37,38
3,3,39,48,1185
3,3,38,39,249
4,4,32,41,48,89
5,10,38,39,41,48,62
3,3,48,270,310
5,3,38,41,48,89,170
5,4,39,48,65,89,147
3,3,2,41,48
3,3,32,41,60
4,5,32,39,48,53
4,5,32,39,48,52
3,3,47,48,60
3,7,47,48,65
3,6,32,48,255
3,3,32,48,256
3,3,67,68,76
3,3,48,123,201
3,4,3318,3319,3320
3,9,48,147,237
5,4,39,41,48,60,110
3,4,39,48,211
3,3,39,48,215
4,6,41,48,78,89
6,3,32,39,41,48,107,136
6,4,36,38,39,41,48,79
3,8,24,39,48
3,3,39,185,310
7,4,37,38,39,41,42,44,45
3,404,32,38,39
4,15,11,32,39,41
3,3,89,101,237
3,6,41,48,423
3,3,39,155,170
5,10,39,41,48,65,79
3,3,48,107,225
3,3,48,170,270
5,3,38,39,41,48,270
4,4,32,39,41,123
6,5,38,39,41,48,65,110
4,6,39,41,48,174
3,4,842,1354,1355
4,3,41,48,89,246
4,4,39,48,101,185
5,3,39,41,48,89,155
4,3,38,39,48,69
4,20,38,39,48,65
4,5,38,39,48,62
6,43,32,36,38,39,41,48
4,3,41,48,117,475
3,4,48,225,310
3,5,32,39,1146
4,3,39,48,170,237
5,3,38,39,41,147,170
4,3,41,48,65,128
3,8,0,39,41
3,5,39,48,783
3,3,39,48,785
4,6,41,48,89,110
4,4,39,48,105,170
3,3,39,48,1529
4,16,36,38,41,48
3,4,39,41,740
3,3,39,55,769
5,3,32,39,48,65,237
3,3,32,39,824
3,3,2520,4027,4286
3,3,48,101,246
5,5,38,39,41,48,475
3,6,31,32,38
3,23,31,32,39
3,5,48,110,237
4,3,41,48,170,286
5,16,32,39,41,48,101
5,4,32,39,41,48,103
5,12,32,39,41,48,107
3,3,32,39,249
3,4,32,39,242
4,10,12,39,41,48
3,8,48,60,117
3,6,48,60,110
3,40,19,39,48
3,6,23,36,38
4,5,41,48,65,78
3,3,1146,1393,1486
3,8,48,225,237
3,46,41,48,107
3,3,236,237,566
3,44,38,48,170
3,3,101,147,179
3,4,41,42,48
6,3,32,38,39,47,48,180
4,3,38,41,48,370
6,7,37,38,39,41,48,89
3,7,39,41,185
3,4,38,39,271
3,4,38,39,270
4,12,39,41,48,371
4,3,39,41,48,370
4,6,39,41,48,374
4,21,39,41,48,475
5,21,38,39,41,48,56
5,3,38,39,41,48,50
3,5,32,48,117
3,3,32,39,475
3,3,107,108,136
4,4,39,41,42,48
3,13,39,48,151
3,13,39,48,150
3,17,39,48,258
3,9,39,48,259
3,52,39,48,255
3,7,39,48,256
3,3,39,48,257
3,7,39,48,251
4,4,39,41,65,147
3,3,1,10,39
3,3,16,19,32
4,3,11,39,48,60
3,5,39,48,188
3,10,39,48,189
3,20,39,48,185
3,20,39,48,186
3,3,39,48,180
3,31,39,41,147
4,17,39,41,48,438
4,4,39,41,48,432
3,9,32,39,101
3,3,32,39,103
4,4,48,65,225,271
5,3,32,38,39,41,225
3,6,48,65,264
4,3,38,39,155,170
4,10,39,41,48,297
3,39,39,47,48
5,3,39,41,48,89,147
4,11,38,39,41,225
3,12,39,43,48
3,3,348,352,396
3,5,39,48,491
3,3,41,237,249
6,4,36,38,39,41,48,365
3,3,41,48,379
3,6,41,48,374
3,14,41,48,371
3,9,39,41,179
3,5,39,41,171
4,4,39,41,48,95
4,25,39,41,48,94
4,6,39,41,48,96
4,4,39,41,48,91
4,6,39,41,48,93
4,4,39,41,48,92
4,4,39,41,48,99
6,3,38,39,41,48,170,438
3,3,310,522,544
4,5,30,38,39,41
3,3,48,170,195
3,3,3133,3135,3690
4,4,41,48,53,65
4,3,41,48,53,60
3,22,41,48,438
3,3,41,48,433
3,4,41,48,432
4,4,41,48,89,186
4,4,41,48,79,101
4,4,41,48,79,103
3,5,48,165,166
3,3,48,117,338
3,10,48,62,65
3,13,41,48,297
3,3,41,48,292
4,3,39,48,50,89
4,4,9,19,39,48
3,3,47,48,1344
3,3,38,39,1327
3,6,39,175,178
3,3,48,101,105
3,3,1307,1378,1379
3,3,956,1591,1600
3,7,38,41,286
3,4,38,41,281
3,6,3303,3304,3305
3,6,23,32,48
3,4,23,32,41
5,6,38,39,41,48,237
4,3,32,39,41,161
3,4,48,117,533
3,3,48,147,310
3,5,41,48,84
5,4,32,38,39,41,60
3,5,39,41,297
4,3,11,32,41,48
5,5,39,41,48,89,110
5,5,39,41,48,89,117
4,12,39,41,48,51
4,3,39,48,89,225
4,3,35,39,41,48
3,3,48,85,101
3,17,39,48,338
3,3,32,39,51
3,4,310,347,352
3,3,48,76,225
4,3,39,48,78,225
5,4,30,32,39,41,48
3,3,39,48,1561
3,7,48,67,68
3,6,15,32,38
5,4,32,39,41,48,66
5,4,32,39,41,48,62
4,3,38,39,41,1529
3,5,48,101,201
3,4,32,39,78
3,5,32,39,79
3,3,32,39,76
4,5,41,48,107,110
4,3,39,41,48,1146
3,4,48,237,255
3,3,32,39,200
3,5,32,39,201
3,3,32,39,208
3,6,32,39,209
5,7,38,39,41,48,310
3,3,48,52,225
3,4,60,65,89
5,3,38,39,41,48,370
3,4,48,79,225
3,3,41,101,170
5,5,39,41,48,89,237
4,6,9,38,39,48
3,3,18,19,39
3,10,48,225,271
5,4,36,38,39,41,110
3,3,48,104,170
4,3,41,48,89,438
4,5,2,32,39,48
3,4,48,101,449
5,3,39,41,48,65,175
4,3,18,32,38,39
3,3,38,170,769
3,4,9,38,41
4,7,32,39,48,147
4,3,32,39,48,433
3,3,26,38,39
4,5,39,48,65,225
3,3,48,237,491
4,3,39,48,52,89
4,3,39,48,225,237
5,8,9,38,39,41,48
4,4,39,41,48,334
4,10,39,41,48,338
3,3,39,48,88
3,8,39,48,85
3,5,39,48,86
3,10,39,48,80
3,4,39,48,81
3,6,39,48,82
3,8,39,48,83
3,3,32,48,151
4,3,2399,2559,2623,2874
4,3,1435,1585,1593,1675
5,56,32,36,38,39,41
3,4,39,48,213
3,4,39,48,218
6,3,38,39,41,48,170,310
4,3,36,38,39,225
3,3,255,270,271
3,3,48,89,785
3,3,39,41,184
3,4,39,41,186
3,9,39,41,189
4,3,39,41,48,479
4,4,39,41,42,44
4,5,39,41,42,45
3,3,48,112,113
4,8,48,164,165,166
3,3,48,60,101
3,13,48,65,225
4,14,39,41,48,258
4,13,39,41,48,259
4,25,39,41,48,255
4,11,39,41,48,251
3,4,39,48,956
4,3,38,39,41,261
3,4,41,48,334
3,3,41,48,335
3,4,41,48,337
3,11,41,48,338
3,4,41,147,338
4,6,39,41,48,59
4,8,39,41,48,58
4,14,39,41,48,50
4,39,39,41,48,53
4,39,39,41,48,55
4,5,39,41,48,54
4,21,39,41,48,56
3,3,39,48,339
3,3,39,48,332
3,3,39,48,331
3,15,39,48,334
3,3,237,249,270
4,3,38,41,48,55
3,3,48,225,251
5,4,36,38,39,48,170
6,15,32,38,39,41,48,110
3,8,9617,9664,9669
4,17,39,41,48,189
4,861,38,39,41,48
3,3,237,270,352
3,4,39,179,301
3,3,39,41,1393
3,6,48,65,128
3,3,48,65,127
3,7,48,65,123
3,3,41,48,479
3,25,41,48,475
4,4,41,48,103,110
4,5,38,39,41,45
3,4,39,41,374
3,7,39,41,370
3,6,39,41,371
3,3,39,41,379
3,3,44,48,103
4,3,41,48,76,79
3,15,11,38,39
3,4,41,156,170
3,17,41,48,259
3,13,41,48,251
3,3,41,48,250
3,26,41,48,255
4,18,32,39,48,60
4,5,32,39,48,62
4,6,32,39,48,66
3,6,41,46,48
3,7,38,39,45
3,5,38,39,44
4,6,38,41,48,286
5,4,36,38,39,41,237
4,8,19,38,39,41
3,15,48,270,271
3,3,48,255,269
3,4,48,229,255
3,5,48,101,147
3,54,36,38,48
3,50,36,38,41
3,4,36,38,45
5,3,39,41,48,110,1146
3,12,2,39,41
5,3,32,39,41,48,200
3,3,11,41,48
4,3,39,47,48,1344
3,4,41,45,65
3,5,9010,9011,9015
3,4,27,39,48
3,4,27,39,41
6,3,36,38,39,41,48,156
3,3,39,41,49
3,3231,39,41,48
3,8,39,41,43
3,14,39,41,42
3,31,39,41,47
3,4,39,41,46
3,19,39,41,44
3,3,48,438,475
4,6,41,48,89,310
3,3,1143,1294,1343
5,3,39,41,48,107,225
3,8,39,647,769
5,3,39,41,48,101,105
4,5,6,39,41,48
3,3,48,89,544
4,3,39,225,270,271
4,3,41,48,170,438
4,10,41,48,60,89
3,4,39,48,70
5,4,32,39,41,48,301
3,4,39,48,424
4,3,39,41,48,734
3,3,39,48,772
4,10,32,36,38,48
3,4,39,41,592
3,3,48,89,261
3,16,39,48,272
3,10,39,48,279
4,5,38,39,170,175
4,5,32,39,48,103
4,13,32,39,48,101
4,4,38,41,47,48
4,3,39,48,104,170
6,4,32,39,41,48,65,79
4,3,38,39,79,110
4,3,32,38,39,40
3,3,41,48,956
6,4,38,39,41,48,101,170
4,4,39,48,65,107
4,5,39,48,65,255
3,4,48,249,264
4,4,39,48,101,301
3,23,38,41,110
3,3,48,107,179
3,3,41,48,734
3,6,270,271,310
4,3,32,38,41,110
3,3,38,41,79
4,6,24,32,39,41
4,6,10,32,39,48
4,3,41,48,237,438
4,3,23,39,41,60
6,9,32,38,39,41,47,48
6,4,38,39,41,47,48,65
3,5,48,170,570
3,4,48,60,76
3,38,647,769,1034
4,7,32,39,41,270
4,5,39,48,79,89
4,9,39,41,48,215
4,4,39,41,65,117
4,4,39,41,65,110
4,3,38,39,48,50
3,6,48,94,117
3,3,48,110,161
4,3,39,48,60,94
3,3,48,71,123
3,3,147,270,271
3,7,39,48,379
3,5,39,48,374
3,14,39,48,371
3,6,39,48,370
4,3,41,48,170,195
4,3,32,38,48,55
3,4,170,769,1034
3,3,9,48,65
5,4,32,39,41,45,48
3,3,32,48,340
4,5,15,32,38,39
4,3,39,41,147,338
3,5,237,269,279
3,3,47,48,179
4,4,27,39,41,48
3,3,48,65,167
3,4,48,65,168
3,3,3526,3527,3528
3,20,3402,3535,3537
3,3,48,49,53
4,8,39,41,48,133
4,4,39,41,48,136
3,7,39,48,234
3,6,39,48,235
3,4,39,41,338
3,5,39,41,334
3,12,36,38,170
3,4,48,117,170
3,3,548,610,611
3,3,39,48,576
3,7,39,48,570
3,3,39,48,573
3,3,48,189,225
3,9,41,48,215
3,8,41,48,213
3,3,41,48,212
3,4,41,48,211
3,3,41,48,210
3,4,41,65,110
3,8,41,65,117
4,3,39,48,110,237
3,3,48,60,255
3,3,48,255,1327
3,3,48,264,310
3,3,727,772,812
3,4,237,310,352
3,3,237,270,271
5,5,32,39,41,48,201
3,4,38,170,310
3,4,39,41,213
4,3,39,48,255,269
3,5,48,76,170
4,3,41,48,67,68
3,5,41,48,136
3,8,41,48,133
4,4,38,39,44,48
4,3,41,48,297,544
6,7,36,38,39,41,48,110
6,3,36,38,39,41,48,117
3,3,32,35,39
3,5,65,225,271
3,16,36,37,38
4,3,39,41,48,274
3,3,175,178,310
6,3,38,39,41,48,110,156
3,3,757,793,797
4,3,38,39,48,175
4,5,32,39,48,246
3,3,992,1004,1013
3,3,23,38,48
6,7,38,39,41,48,89,170
3,3,237,249,310
5,6,32,38,39,48,110
6,3,38,39,41,48,103,110
3,3,48,155,185
4,5,18,32,39,48
5,10,38,39,41,48,117
5,88,38,39,41,48,110
5,3,38,39,41,48,113
4,3,39,41,48,779
4,6,39,45,48,65
5,3,38,39,48,110,237
3,7,39,48,734
5,3,39,41,48,170,179
5,3,18,30,39,41,48
3,3,2994,3693,3735
3,3,9,23,39
4,4,39,40,41,48
3,5,682,684,698
3,4,38,48,370
3,5,38,48,371
4,6,1,39,41,48
3,10,38,45,48
3,9,10,38,39
6,4,37,38,39,41,48,286
6,3,38,39,41,48,170,179
3,4,48,175,438
3,3,48,408,418
3,45,39,41,45
3,6,26,39,41
3,9,39,48,171
3,6,39,48,176
3,10,48,107,136
3,4,41,48,770
3,5,39,41,677
3,4,41,110,225
5,4,32,39,41,270,271
3,4,11,32,48
5,3,32,38,41,48,170
4,9,41,48,110,170
3,3,32,38,371
5,3,39,41,48,164,165
3,4,32,48,62
3,17,32,48,65
3,3,9,39,60
3,3,32,41,147
3,3,237,338,475
3,3,39,389,1034
3,3,48,264,438
5,3,39,41,48,79,86
5,6,39,41,48,79,89
3,3,229,270,271
3,4,270,271,279
3,11,41,48,67
3,27,41,48,66
3,247,41,48,65
3,4,41,48,64
3,32,41,48,62
3,8,41,48,61
3,95,41,48,60
3,9,41,48,68
4,9,32,38,48,170
3,36,18,39,41
3,33,11,39,48
3,3,76,225,271
4,17,30,39,41,48
3,5,38,39,161
3,4,39,48,108
3,3,475,522,544
3,3,2990,2994,3400
4,3,39,48,78,107
4,3,32,41,48,161
4,17,39,48,65,89
5,5,36,38,39,48,89
5,3,0,32,39,41,48
3,4,39,48,552
4,25,39,41,48,179
4,6,39,41,48,178
4,3,39,41,48,176
4,3,39,41,48,173
4,7,39,41,48,171
4,88,39,41,48,170
3,4,8959,8978,9010
5,5,39,41,48,117,208
3,10,39,48,533
3,4,48,178,225
3,6,5194,5230,5943
3,3,48,123,161
4,26,32,39,48,89
5,3,38,41,48,89,101
3,3,38,110,170
4,6,32,39,48,200
5,3,41,48,65,270,271
3,5,32,48,200
3,4,32,48,208
3,4,48,110,189
3,6,48,123,255
3,11,48,53,89
3,59,41,48,76
3,3,48,103,170
3,4,48,103,178
4,3,2,36,38,39
4,5,12,38,39,41
4,3,39,41,170,225
4,3,38,39,65,170
3,6,48,89,107
3,24,48,89,101
3,10,48,89,103
3,3,79,225,310
3,4,48,78,101
3,3,48,78,107
3,3,742,743,744
3,6,331,332,448
3,3,2284,2440,2505
3,4,39,41,258
3,4,39,41,251
3,4,39,41,255
3,3,48,185,234
4,24,39,41,48,75
3,9,41,48,178
3,29,41,48,179
3,3,41,48,173
3,109,41,48,170
3,9,41,48,171
3,4,41,48,176
3,6,41,48,174
3,26,41,48,175
3,4,39,48,319
3,4,39,48,1659
4,3,41,48,147,237
3,11,39,41,475
4,4,41,48,49,78
3,7,9,32,41
3,12,9,32,48
3,5,32,39,185
3,5,6,39,41
3,6,6,39,48
3,3,110,164,165
5,7,38,39,41,48,281
5,16,38,39,41,48,286
3,7,41,43,48
4,3,41,48,65,189
5,3,32,39,41,48,384
5,10,38,39,41,48,156
3,72,38,39,110
3,3,8978,9010,9011
3,11,41,48,88
4,7,19,39,48,89
3,3,41,647,769
5,3,39,41,45,48,147
4,21,9,32,39,41
4,11,9,32,39,48
3,3,65,270,271
4,3,41,48,255,310
4,10,38,41,48,65
4,4,39,41,225,270
4,5,32,38,48,110
4,5,39,41,48,84
3,5,38,39,78
3,15,38,39,79
3,3,3143,3144,3145
4,5,39,41,60,65
4,4,38,39,170,438
4,3,41,647,769,1034
4,3,41,48,101,123
4,3,41,48,101,127
5,6,23,38,39,41,48
3,3,89,225,237
3,59,39,48,49
3,4,237,249,255
3,3,39,48,2958
4,4,0,32,39,41
4,8,36,38,39,170
4,4,32,39,41,237
3,7,38,39,225
4,3,39,48,107,136
4,3,38,39,41,156
3,3,48,237,533
4,3,38,39,60,110
6,5,36,38,39,41,48,55
4,4,39,41,110,225
4,3,39,41,101,310
3,3,48,65,195
3,3,89,225,310
3,3,1043,1107,1163
4,12,18,38,39,41
6,3,38,39,41,48,147,170
3,3,48,262,301
5,5,32,41,48,237,270
3,6,38,41,89
4,4,11,32,38,39
5,15,38,39,41,48,76
5,4,38,39,41,48,75
5,18,38,39,41,48,79
5,14,38,39,41,48,78
3,3,39,48,139
3,5,39,48,137
3,9,39,48,133
5,3,39,41,48,237,533
3,5,9,11,39
3,3,32,41,270
3,4,31,41,48
5,19,32,39,41,48,60
3,3,45,48,164
6,3,32,38,39,41,48,89
3,11,39,44,48
3,3,39,44,45
3,18,39,41,117
3,3,39,41,115
3,62,39,41,110
3,3,991,1232,1327
3,6,32,39,156
3,3,32,39,150
5,3,39,41,48,110,156
4,3,41,48,147,170
4,7,41,48,147,179
3,3,32,48,522
4,3,38,39,48,255
4,10,41,48,65,76
4,3,41,48,65,71
4,6,38,39,110,170
3,4,38,39,740
3,3,48,208,225
3,3,1153,1384,1385
3,4,48,89,438
3,4,38,170,175
3,3,39,48,497
3,3,39,48,1198
3,3,110,769,1034
3,3,38,156,286
4,3,32,39,48,81
3,3,48,80,255
3,3,438,548,585
4,3,32,39,48,49
3,5,32,48,249
3,4,32,48,242
3,3,32,48,246
4,4,39,41,48,112
4,49,39,41,48,117
3,8,48,89,147
3,3,48,155,208
4,4,9,32,41,48
3,4,39,41,504
4,4,39,48,76,89
4,3,39,42,44,45
4,5,32,39,41,60
4,12,32,39,41,65
3,42,32,38,48
3,71,32,38,41
4,6,2,38,39,41
3,4,39,225,270
3,3,39,41,433
4,3,25,32,39,41
4,3,39,41,101,170
3,3,533,534,535
4,3,32,39,48,107
3,3,1327,1378,1379
3,6,48,107,237
4,25,39,41,45,48
3,8,41,48,276
3,19,41,48,271
4,3,41,48,89,258
4,3,41,48,110,255
3,3,48,123,592
3,16,39,48,51
3,14,39,48,56
4,3,39,41,48,192
4,4,39,41,48,198
3,12,38,48,56
4,3,38,39,48,96
4,3,38,39,48,94
3,5,2853,2854,2873
4,6,39,41,48,184
3,5,147,175,179
4,3,41,48,65,156
4,4,41,48,175,438
4,5,39,48,225,270
3,5,45,48,79
4,3,41,48,103,200
4,4,39,48,123,310
4,8,39,48,89,101
3,8,48,101,255
3,128,32,36,38
3,4,32,39,270
4,4,39,41,48,406
3,12,48,225,270
3,4,48,105,225
4,29,38,39,41,47
4,4,38,39,41,43
4,9,38,39,41,42
4,4,39,41,48,509
3,3,45,48,225
3,8,38,48,147
3,4,39,147,179
4,3,38,39,42,44
4,4,38,39,42,45
3,3,47,48,785
3,9,39,41,1146
3,3,48,175,225
3,3,48,65,338
4,6,39,41,48,384
3,4,48,170,286
3,3,39,48,806
4,55,38,39,41,110
4,4,38,39,41,117
7,4,32,36,38,39,41,48,89
3,3,32,48,76
3,3,35,39,41
3,15,165,166,167
5,3,36,38,39,41,55
5,4,32,38,39,48,105
3,3,0,5,39
3,5,17,32,39
4,3,41,48,175,270
3,74,39,48,170
3,3,39,48,173
3,18,39,48,175
3,5,39,48,174
3,30,39,48,179
3,10,39,48,178
3,35,39,48,438
3,10,39,41,156
4,5,39,41,48,423
4,5,39,41,48,425
4,3,39,48,89,185
3,3,32,39,117
4,4,32,39,41,310
4,3,36,39,41,48
3,11,48,65,255
3,3,48,65,258
3,9,2,38,39
3,4,3311,4433,4486
3,3,32,48,251
4,3,39,41,48,289
4,3,39,41,48,284
4,19,39,41,48,286
4,8,39,41,48,281
3,5,31,38,41
3,3,39,48,903
4,12,38,39,41,237
3,3,1966,2056,2100
3,8,41,48,384
5,3,31,32,38,39,41
3,20,37,38,41
3,28,37,38,48
3,3,48,286,1327
4,9,39,41,48,88
4,146,39,41,48,89
4,6,39,41,48,82
4,8,39,41,48,83
4,15,39,41,48,80
4,4,39,41,48,86
4,13,39,41,48,85
4,4,39,41,48,1590
3,3,48,66,147
3,5,41,65,89
3,3,48,65,91
3,3,48,331,332
3,8,0,32,39
4,5,32,39,48,475
4,3,32,38,39,55
6,3,38,39,41,48,101,105
3,3,32,39,653
3,3,3579,4176,4178
3,6,12,39,48
3,15,12,39,41
4,3,32,39,48,85
4,3,32,39,48,80
3,192,39,48,89
3,4,39,48,87
4,3,30,31,39,41
3,4,48,170,186
5,3,32,39,41,65,117
3,4,48,147,208
3,6,41,48,425
3,6,41,48,420
4,11,39,41,48,186
4,24,39,41,48,185
3,4,48,89,185
3,4,48,89,186
3,5,48,89,189
3,3,38,41,76
3,3,48,62,76
3,4,48,62,79
3,3,48,62,78
3,4,41,48,289
3,9,41,48,281
3,3,41,48,284
3,26,41,48,286
3,3,48,310,370
4,3,38,48,110,371
3,14,9,19,39
3,5,48,78,79
3,3,769,1034,1043
4,7,10,32,39,41
3,3,39,89,123
3,5,41,48,169
5,8,32,38,39,41,170
3,4,48,77,89
